[21:37:48] [Server thread/INFO]: Loading properties
[21:37:48] [Server thread/INFO]: This server is running CraftBukkit version git-Spigot-a99063f-be6aaf0 (MC: 1.15.2) (Implementing API version 1.15.2-R0.1-SNAPSHOT)
[21:37:49] [Server thread/INFO]: Debug logging is disabled
[21:37:49] [Server thread/INFO]: Server Ping Player Sample Count: 12
[21:37:49] [Server thread/INFO]: Using 4 threads for Netty based IO
[21:37:49] [Server thread/INFO]: Default game type: SURVIVAL
[21:37:49] [Server thread/INFO]: Generating keypair
[21:37:49] [Server thread/INFO]: Starting Minecraft server on *:25565
[21:37:49] [Server thread/INFO]: Using default channel type
[21:37:54] [Server thread/WARN]: Initializing Legacy Material Support. Unless you have legacy plugins and/or data this is a bug!
[21:38:00] [Server thread/WARN]: Legacy plugin JetsMinions v6.2.8 does not specify an api-version.
[21:38:00] [Server thread/INFO]: [JetsMinions] Loading JetsMinions v6.2.8
[21:38:00] [Server thread/INFO]: Preparing level "world"
[21:38:01] [Server thread/INFO]: Reloading ResourceManager: Default, bukkit
[21:38:02] [Server thread/INFO]: Loaded 6 recipes
[21:38:03] [Server thread/INFO]: -------- World Settings For [world] --------
[21:38:03] [Server thread/INFO]: Custom Map Seeds:  Village: 10387312 Desert: 14357617 Igloo: 14357618 Jungle: 14357619 Swamp: 14357620 Monument: 10387313 Ocean: 14357621 Shipwreck: 165745295 End City: 10387313 Slime: 987234911
[21:38:03] [Server thread/INFO]: View Distance: 10
[21:38:03] [Server thread/INFO]: Item Merge Radius: 2.5
[21:38:03] [Server thread/INFO]: Item Despawn Rate: 6000
[21:38:03] [Server thread/INFO]: Arrow Despawn Rate: 1200 Trident Respawn Rate:1200
[21:38:03] [Server thread/INFO]: Allow Zombie Pigmen to spawn from portal blocks: true
[21:38:03] [Server thread/INFO]: Zombie Aggressive Towards Villager: true
[21:38:03] [Server thread/INFO]: Nerfing mobs spawned from spawners: false
[21:38:03] [Server thread/INFO]: Cactus Growth Modifier: 100%
[21:38:03] [Server thread/INFO]: Cane Growth Modifier: 100%
[21:38:03] [Server thread/INFO]: Melon Growth Modifier: 100%
[21:38:03] [Server thread/INFO]: Mushroom Growth Modifier: 100%
[21:38:03] [Server thread/INFO]: Pumpkin Growth Modifier: 100%
[21:38:03] [Server thread/INFO]: Sapling Growth Modifier: 100%
[21:38:03] [Server thread/INFO]: Beetroot Growth Modifier: 100%
[21:38:03] [Server thread/INFO]: Carrot Growth Modifier: 100%
[21:38:03] [Server thread/INFO]: Potato Growth Modifier: 100%
[21:38:03] [Server thread/INFO]: Wheat Growth Modifier: 100%
[21:38:03] [Server thread/INFO]: NetherWart Growth Modifier: 100%
[21:38:03] [Server thread/INFO]: Vine Growth Modifier: 100%
[21:38:03] [Server thread/INFO]: Cocoa Growth Modifier: 100%
[21:38:03] [Server thread/INFO]: Bamboo Growth Modifier: 100%
[21:38:03] [Server thread/INFO]: SweetBerry Growth Modifier: 100%
[21:38:03] [Server thread/INFO]: Kelp Growth Modifier: 100%
[21:38:03] [Server thread/INFO]: Mob Spawn Range: 6
[21:38:03] [Server thread/INFO]: Experience Merge Radius: 3.0
[21:38:03] [Server thread/INFO]: Max TNT Explosions: 100
[21:38:03] [Server thread/INFO]: Tile Max Tick Time: 50ms Entity max Tick Time: 50ms
[21:38:03] [Server thread/INFO]: Entity Tracking Range: Pl 48 / An 48 / Mo 48 / Mi 32 / Other 64
[21:38:03] [Server thread/INFO]: Hopper Transfer: 8 Hopper Check: 1 Hopper Amount: 1
[21:38:03] [Server thread/INFO]: Entity Activation Range: An 32 / Mo 32 / Ra 48 / Mi 16 / Tiv true
[21:38:04] [Server thread/INFO]: -------- World Settings For [world_nether] --------
[21:38:04] [Server thread/INFO]: Custom Map Seeds:  Village: 10387312 Desert: 14357617 Igloo: 14357618 Jungle: 14357619 Swamp: 14357620 Monument: 10387313 Ocean: 14357621 Shipwreck: 165745295 End City: 10387313 Slime: 987234911
[21:38:04] [Server thread/INFO]: View Distance: 10
[21:38:04] [Server thread/INFO]: Item Merge Radius: 2.5
[21:38:04] [Server thread/INFO]: Item Despawn Rate: 6000
[21:38:04] [Server thread/INFO]: Arrow Despawn Rate: 1200 Trident Respawn Rate:1200
[21:38:04] [Server thread/INFO]: Allow Zombie Pigmen to spawn from portal blocks: true
[21:38:04] [Server thread/INFO]: Zombie Aggressive Towards Villager: true
[21:38:04] [Server thread/INFO]: Nerfing mobs spawned from spawners: false
[21:38:04] [Server thread/INFO]: Cactus Growth Modifier: 100%
[21:38:04] [Server thread/INFO]: Cane Growth Modifier: 100%
[21:38:04] [Server thread/INFO]: Melon Growth Modifier: 100%
[21:38:04] [Server thread/INFO]: Mushroom Growth Modifier: 100%
[21:38:04] [Server thread/INFO]: Pumpkin Growth Modifier: 100%
[21:38:04] [Server thread/INFO]: Sapling Growth Modifier: 100%
[21:38:04] [Server thread/INFO]: Beetroot Growth Modifier: 100%
[21:38:04] [Server thread/INFO]: Carrot Growth Modifier: 100%
[21:38:04] [Server thread/INFO]: Potato Growth Modifier: 100%
[21:38:04] [Server thread/INFO]: Wheat Growth Modifier: 100%
[21:38:04] [Server thread/INFO]: NetherWart Growth Modifier: 100%
[21:38:04] [Server thread/INFO]: Vine Growth Modifier: 100%
[21:38:04] [Server thread/INFO]: Cocoa Growth Modifier: 100%
[21:38:04] [Server thread/INFO]: Bamboo Growth Modifier: 100%
[21:38:04] [Server thread/INFO]: SweetBerry Growth Modifier: 100%
[21:38:04] [Server thread/INFO]: Kelp Growth Modifier: 100%
[21:38:04] [Server thread/INFO]: Mob Spawn Range: 6
[21:38:04] [Server thread/INFO]: Experience Merge Radius: 3.0
[21:38:04] [Server thread/INFO]: Max TNT Explosions: 100
[21:38:04] [Server thread/INFO]: Tile Max Tick Time: 50ms Entity max Tick Time: 50ms
[21:38:04] [Server thread/INFO]: Entity Tracking Range: Pl 48 / An 48 / Mo 48 / Mi 32 / Other 64
[21:38:04] [Server thread/INFO]: Hopper Transfer: 8 Hopper Check: 1 Hopper Amount: 1
[21:38:04] [Server thread/INFO]: Entity Activation Range: An 32 / Mo 32 / Ra 48 / Mi 16 / Tiv true
[21:38:04] [Server thread/INFO]: -------- World Settings For [world_the_end] --------
[21:38:04] [Server thread/INFO]: Custom Map Seeds:  Village: 10387312 Desert: 14357617 Igloo: 14357618 Jungle: 14357619 Swamp: 14357620 Monument: 10387313 Ocean: 14357621 Shipwreck: 165745295 End City: 10387313 Slime: 987234911
[21:38:04] [Server thread/INFO]: View Distance: 10
[21:38:04] [Server thread/INFO]: Item Merge Radius: 2.5
[21:38:04] [Server thread/INFO]: Item Despawn Rate: 6000
[21:38:04] [Server thread/INFO]: Arrow Despawn Rate: 1200 Trident Respawn Rate:1200
[21:38:04] [Server thread/INFO]: Allow Zombie Pigmen to spawn from portal blocks: true
[21:38:04] [Server thread/INFO]: Zombie Aggressive Towards Villager: true
[21:38:04] [Server thread/INFO]: Nerfing mobs spawned from spawners: false
[21:38:04] [Server thread/INFO]: Cactus Growth Modifier: 100%
[21:38:04] [Server thread/INFO]: Cane Growth Modifier: 100%
[21:38:04] [Server thread/INFO]: Melon Growth Modifier: 100%
[21:38:04] [Server thread/INFO]: Mushroom Growth Modifier: 100%
[21:38:04] [Server thread/INFO]: Pumpkin Growth Modifier: 100%
[21:38:04] [Server thread/INFO]: Sapling Growth Modifier: 100%
[21:38:04] [Server thread/INFO]: Beetroot Growth Modifier: 100%
[21:38:04] [Server thread/INFO]: Carrot Growth Modifier: 100%
[21:38:04] [Server thread/INFO]: Potato Growth Modifier: 100%
[21:38:04] [Server thread/INFO]: Wheat Growth Modifier: 100%
[21:38:04] [Server thread/INFO]: NetherWart Growth Modifier: 100%
[21:38:04] [Server thread/INFO]: Vine Growth Modifier: 100%
[21:38:04] [Server thread/INFO]: Cocoa Growth Modifier: 100%
[21:38:04] [Server thread/INFO]: Bamboo Growth Modifier: 100%
[21:38:04] [Server thread/INFO]: SweetBerry Growth Modifier: 100%
[21:38:04] [Server thread/INFO]: Kelp Growth Modifier: 100%
[21:38:04] [Server thread/INFO]: Mob Spawn Range: 6
[21:38:04] [Server thread/INFO]: Experience Merge Radius: 3.0
[21:38:04] [Server thread/INFO]: Max TNT Explosions: 100
[21:38:04] [Server thread/INFO]: Tile Max Tick Time: 50ms Entity max Tick Time: 50ms
[21:38:04] [Server thread/INFO]: Entity Tracking Range: Pl 48 / An 48 / Mo 48 / Mi 32 / Other 64
[21:38:04] [Server thread/INFO]: Hopper Transfer: 8 Hopper Check: 1 Hopper Amount: 1
[21:38:04] [Server thread/INFO]: Entity Activation Range: An 32 / Mo 32 / Ra 48 / Mi 16 / Tiv true
[21:38:04] [Server thread/INFO]: Preparing start region for dimension 'world'/minecraft:overworld
[21:38:07] [Server thread/INFO]: Preparing spawn area: 0%
[21:38:07] [Server thread/INFO]: Preparing spawn area: 0%
[21:38:07] [Server thread/INFO]: Preparing spawn area: 0%
[21:38:07] [Server thread/INFO]: Preparing spawn area: 0%
[21:38:07] [Server thread/INFO]: Preparing spawn area: 0%
[21:38:07] [Server thread/INFO]: Preparing spawn area: 0%
[21:38:18] [Server-Worker-1/INFO]: Preparing spawn area: 0%
[21:38:18] [Server-Worker-1/INFO]: Preparing spawn area: 0%
[21:38:18] [Server-Worker-1/INFO]: Preparing spawn area: 0%
[21:38:18] [Server-Worker-1/INFO]: Preparing spawn area: 0%
[21:38:18] [Server-Worker-2/INFO]: Preparing spawn area: 0%
[21:38:18] [Server-Worker-2/INFO]: Preparing spawn area: 0%
[21:38:18] [Server-Worker-2/INFO]: Preparing spawn area: 0%
[21:38:18] [Server-Worker-2/INFO]: Preparing spawn area: 0%
[21:38:18] [Server-Worker-2/INFO]: Preparing spawn area: 0%
[21:38:18] [Server-Worker-2/INFO]: Preparing spawn area: 0%
[21:38:18] [Server-Worker-2/INFO]: Preparing spawn area: 0%
[21:38:18] [Server-Worker-2/INFO]: Preparing spawn area: 0%
[21:38:18] [Server-Worker-2/INFO]: Preparing spawn area: 0%
[21:38:18] [Server-Worker-2/INFO]: Preparing spawn area: 0%
[21:38:18] [Server-Worker-2/INFO]: Preparing spawn area: 0%
[21:38:18] [Server-Worker-2/INFO]: Preparing spawn area: 0%
[21:38:18] [Server-Worker-2/INFO]: Preparing spawn area: 0%
[21:38:18] [Server-Worker-2/INFO]: Preparing spawn area: 0%
[21:38:18] [Server-Worker-2/INFO]: Preparing spawn area: 0%
[21:38:18] [Server-Worker-2/INFO]: Preparing spawn area: 0%
[21:38:18] [Server-Worker-2/INFO]: Preparing spawn area: 0%
[21:38:18] [Server-Worker-2/INFO]: Preparing spawn area: 0%
[21:38:19] [Server thread/INFO]: Preparing spawn area: 20%
[21:38:26] [Server-Worker-1/INFO]: Preparing spawn area: 83%
[21:38:26] [Server-Worker-3/INFO]: Preparing spawn area: 83%
[21:38:26] [Server-Worker-3/INFO]: Preparing spawn area: 83%
[21:38:26] [Server-Worker-3/INFO]: Preparing spawn area: 83%
[21:38:26] [Server-Worker-3/INFO]: Preparing spawn area: 83%
[21:38:26] [Server-Worker-3/INFO]: Preparing spawn area: 83%
[21:38:26] [Server-Worker-3/INFO]: Preparing spawn area: 83%
[21:38:26] [Server-Worker-3/INFO]: Preparing spawn area: 83%
[21:38:26] [Server-Worker-3/INFO]: Preparing spawn area: 83%
[21:38:26] [Server-Worker-3/INFO]: Preparing spawn area: 83%
[21:38:26] [Server-Worker-3/INFO]: Preparing spawn area: 83%
[21:38:26] [Server-Worker-3/INFO]: Preparing spawn area: 83%
[21:38:26] [Server-Worker-3/INFO]: Preparing spawn area: 83%
[21:38:26] [Server-Worker-3/INFO]: Preparing spawn area: 83%
[21:38:26] [Server-Worker-3/INFO]: Preparing spawn area: 83%
[21:38:26] [Server-Worker-3/INFO]: Preparing spawn area: 83%
[21:38:27] [Server-Worker-1/INFO]: Preparing spawn area: 83%
[21:38:27] [Server-Worker-3/INFO]: Preparing spawn area: 83%
[21:38:28] [Server-Worker-2/INFO]: Preparing spawn area: 83%
[21:38:28] [Server-Worker-2/INFO]: Preparing spawn area: 83%
[21:38:29] [Server-Worker-1/INFO]: Preparing spawn area: 83%
[21:38:29] [Server-Worker-1/INFO]: Preparing spawn area: 83%
[21:38:30] [Server-Worker-1/INFO]: Preparing spawn area: 85%
[21:38:30] [Server-Worker-1/INFO]: Preparing spawn area: 88%
[21:38:31] [Server-Worker-2/INFO]: Preparing spawn area: 91%
[21:38:31] [Server-Worker-3/INFO]: Preparing spawn area: 93%
[21:38:32] [Server-Worker-3/INFO]: Preparing spawn area: 96%
[21:38:32] [Server thread/INFO]: Time elapsed: 27822 ms
[21:38:32] [Server thread/INFO]: Preparing start region for dimension 'world_nether'/minecraft:the_nether
[21:38:34] [Server thread/INFO]: Preparing spawn area: 0%
[21:38:34] [Server thread/INFO]: Preparing spawn area: 0%
[21:38:34] [Server thread/INFO]: Preparing spawn area: 0%
[21:38:34] [Server thread/INFO]: Preparing spawn area: 0%
[21:38:34] [Server-Worker-2/INFO]: Preparing spawn area: 83%
[21:38:35] [Server-Worker-2/INFO]: Preparing spawn area: 83%
[21:38:35] [Server-Worker-2/INFO]: Preparing spawn area: 83%
[21:38:36] [Server-Worker-1/INFO]: Preparing spawn area: 83%
[21:38:36] [Server-Worker-3/INFO]: Preparing spawn area: 86%
[21:38:37] [Server-Worker-1/INFO]: Preparing spawn area: 88%
[21:38:37] [Server thread/INFO]: Time elapsed: 4864 ms
[21:38:37] [Server thread/INFO]: Preparing start region for dimension 'world_the_end'/minecraft:the_end
[21:38:38] [Server thread/INFO]: Preparing spawn area: 0%
[21:38:38] [Server thread/INFO]: Preparing spawn area: 0%
[21:38:38] [Server-Worker-1/INFO]: Preparing spawn area: 83%
[21:38:39] [Server-Worker-1/INFO]: Preparing spawn area: 88%
[21:38:39] [Server thread/INFO]: Time elapsed: 1526 ms
[21:38:39] [Server thread/INFO]: [JetsMinions] Enabling JetsMinions v6.2.8
[21:38:39] [Server thread/INFO]: [JetsMinions] Initialising Plugin.. 
[21:38:39] [Server thread/INFO]: [JetsMinions] hooks.yml found, loading!
[21:38:39] [Server thread/INFO]: [JetsMinions] skins.yml found, loading!
[21:38:40] [Server thread/INFO]: [JetsMinions] config.yml found, loading!
[21:38:40] [Server thread/INFO]: [JetsMinions] messages.yml found, loading!
[21:38:40] [Server thread/INFO]: [JetsMinions] controlpanel.yml found, loading!
[21:38:40] [Server thread/INFO]: [JetsMinions] players.yml found, loading!
[21:38:40] [Server thread/INFO]: [JetsMinions] store.yml found, loading!
[21:38:40] [Server thread/INFO]: [JetsMinions] Loaded Minion: Miner Made by Jet315
[21:38:40] [Server thread/INFO]: [JetsMinions] Loaded Minion: Slayer Made by Jet315
[21:38:40] [Server thread/INFO]: [JetsMinions] Loaded Minion: Collector Made by Jet315
[21:38:40] [Server thread/INFO]: [JetsMinions] Loaded Minion: Feeder Made by Jet315
[21:38:40] [Server thread/INFO]: [JetsMinions] Loaded Minion: Lumberjack Made by Jet315
[21:38:40] [Server thread/INFO]: [JetsMinions] Loaded Minion: Farmer Made by Jet315
[21:38:40] [Server thread/INFO]: [JetsMinions] Loaded Minion: Fisher Made by Jet315
[21:38:40] [Server thread/INFO]: [JetsMinions] Loaded Minion: Seller Made by Jet315
[21:38:40] [Server thread/INFO]: [JetsMinions] Loaded Minion: Crafter Made by Jugbot
[21:38:41] [Server thread/INFO]: [JetsMinions] Initialising Complete in 1627ms
[21:38:41] [Server thread/INFO]: Server permissions file permissions.yml is empty, ignoring it
[21:38:41] [Server thread/INFO]: Done (40.502s)! For help, type "help"
[21:38:42] [Server thread/INFO]: com.mojang.authlib.GameProfile@436edfe7[id=<null>,name=Jugbot,properties={},legacy=false] (/127.0.0.1:51272) lost connection: Disconnected
[21:38:42] [User Authenticator #1/INFO]: UUID of player Jugbot is c544b743-140c-4825-b63f-b353566ffc53
[21:38:42] [Server thread/INFO]: Jugbot[/127.0.0.1:51283] logged in with entity id 213 at ([world]-236.4250146541432, 71.0, -118.1259600229917)
[21:39:18] [Server thread/ERROR]: Could not pass event PlayerInteractEvent to JetsMinions v6.2.8
org.bukkit.event.EventException: null
	at org.bukkit.plugin.java.JavaPluginLoader$1.execute(JavaPluginLoader.java:319) ~[spigot.jar:git-Spigot-a99063f-be6aaf0]
	at org.bukkit.plugin.RegisteredListener.callEvent(RegisteredListener.java:70) ~[spigot.jar:git-Spigot-a99063f-be6aaf0]
	at org.bukkit.plugin.SimplePluginManager.fireEvent(SimplePluginManager.java:589) ~[spigot.jar:git-Spigot-a99063f-be6aaf0]
	at org.bukkit.plugin.SimplePluginManager.callEvent(SimplePluginManager.java:576) ~[spigot.jar:git-Spigot-a99063f-be6aaf0]
	at org.bukkit.craftbukkit.v1_15_R1.event.CraftEventFactory.callPlayerInteractEvent(CraftEventFactory.java:450) ~[spigot.jar:git-Spigot-a99063f-be6aaf0]
	at net.minecraft.server.v1_15_R1.PlayerInteractManager.a(PlayerInteractManager.java:441) ~[spigot.jar:git-Spigot-a99063f-be6aaf0]
	at net.minecraft.server.v1_15_R1.PlayerConnection.a(PlayerConnection.java:1251) ~[spigot.jar:git-Spigot-a99063f-be6aaf0]
	at net.minecraft.server.v1_15_R1.PacketPlayInUseItem.a(PacketPlayInUseItem.java:27) ~[spigot.jar:git-Spigot-a99063f-be6aaf0]
	at net.minecraft.server.v1_15_R1.PacketPlayInUseItem.a(PacketPlayInUseItem.java:1) ~[spigot.jar:git-Spigot-a99063f-be6aaf0]
	at net.minecraft.server.v1_15_R1.PlayerConnectionUtils.lambda$0(PlayerConnectionUtils.java:19) ~[spigot.jar:git-Spigot-a99063f-be6aaf0]
	at net.minecraft.server.v1_15_R1.TickTask.run(SourceFile:18) [spigot.jar:git-Spigot-a99063f-be6aaf0]
	at net.minecraft.server.v1_15_R1.IAsyncTaskHandler.executeTask(SourceFile:144) [spigot.jar:git-Spigot-a99063f-be6aaf0]
	at net.minecraft.server.v1_15_R1.IAsyncTaskHandlerReentrant.executeTask(SourceFile:23) [spigot.jar:git-Spigot-a99063f-be6aaf0]
	at net.minecraft.server.v1_15_R1.IAsyncTaskHandler.executeNext(SourceFile:118) [spigot.jar:git-Spigot-a99063f-be6aaf0]
	at net.minecraft.server.v1_15_R1.MinecraftServer.ba(MinecraftServer.java:918) [spigot.jar:git-Spigot-a99063f-be6aaf0]
	at net.minecraft.server.v1_15_R1.MinecraftServer.executeNext(MinecraftServer.java:911) [spigot.jar:git-Spigot-a99063f-be6aaf0]
	at net.minecraft.server.v1_15_R1.IAsyncTaskHandler.awaitTasks(SourceFile:127) [spigot.jar:git-Spigot-a99063f-be6aaf0]
	at net.minecraft.server.v1_15_R1.MinecraftServer.sleepForTick(MinecraftServer.java:895) [spigot.jar:git-Spigot-a99063f-be6aaf0]
	at net.minecraft.server.v1_15_R1.MinecraftServer.run(MinecraftServer.java:828) [spigot.jar:git-Spigot-a99063f-be6aaf0]
	at java.lang.Thread.run(Thread.java:748) [?:1.8.0_252]
Caused by: java.lang.NullPointerException
	at me.jet315.minions.minions.Minion.onFirstSpawn(Minion.java:315) ~[?:?]
	at io.github.jugbot.CrafterMinion.onFirstSpawn(CrafterMinion.java:78) ~[?:?]
	at me.jet315.minions.listeners.MinionPlaceListener.onMinionPlace(MinionPlaceListener.java:193) ~[?:?]
	at sun.reflect.NativeMethodAccessorImpl.invoke0(Native Method) ~[?:1.8.0_252]
	at sun.reflect.NativeMethodAccessorImpl.invoke(NativeMethodAccessorImpl.java:62) ~[?:1.8.0_252]
	at sun.reflect.DelegatingMethodAccessorImpl.invoke(DelegatingMethodAccessorImpl.java:43) ~[?:1.8.0_252]
	at java.lang.reflect.Method.invoke(Method.java:498) ~[?:1.8.0_252]
	at org.bukkit.plugin.java.JavaPluginLoader$1.execute(JavaPluginLoader.java:315) ~[spigot.jar:git-Spigot-a99063f-be6aaf0]
	... 19 more
[21:39:40] [Server thread/INFO]: Jugbot issued server command: /minions
[21:39:48] [Server thread/INFO]: Jugbot issued server command: /minions store
[21:40:10] [Server thread/INFO]: Jugbot issued server command: /minions Jugbot Crafter 1
[21:40:35] [Server thread/INFO]: Jugbot issued server command: /minions give Jugbot Crafter 1
[21:40:40] [Server thread/ERROR]: Could not pass event PlayerInteractEvent to JetsMinions v6.2.8
org.bukkit.event.EventException: null
	at org.bukkit.plugin.java.JavaPluginLoader$1.execute(JavaPluginLoader.java:319) ~[spigot.jar:git-Spigot-a99063f-be6aaf0]
	at org.bukkit.plugin.RegisteredListener.callEvent(RegisteredListener.java:70) ~[spigot.jar:git-Spigot-a99063f-be6aaf0]
	at org.bukkit.plugin.SimplePluginManager.fireEvent(SimplePluginManager.java:589) ~[spigot.jar:git-Spigot-a99063f-be6aaf0]
	at org.bukkit.plugin.SimplePluginManager.callEvent(SimplePluginManager.java:576) ~[spigot.jar:git-Spigot-a99063f-be6aaf0]
	at org.bukkit.craftbukkit.v1_15_R1.event.CraftEventFactory.callPlayerInteractEvent(CraftEventFactory.java:450) ~[spigot.jar:git-Spigot-a99063f-be6aaf0]
	at net.minecraft.server.v1_15_R1.PlayerInteractManager.a(PlayerInteractManager.java:441) ~[spigot.jar:git-Spigot-a99063f-be6aaf0]
	at net.minecraft.server.v1_15_R1.PlayerConnection.a(PlayerConnection.java:1251) ~[spigot.jar:git-Spigot-a99063f-be6aaf0]
	at net.minecraft.server.v1_15_R1.PacketPlayInUseItem.a(PacketPlayInUseItem.java:27) ~[spigot.jar:git-Spigot-a99063f-be6aaf0]
	at net.minecraft.server.v1_15_R1.PacketPlayInUseItem.a(PacketPlayInUseItem.java:1) ~[spigot.jar:git-Spigot-a99063f-be6aaf0]
	at net.minecraft.server.v1_15_R1.PlayerConnectionUtils.lambda$0(PlayerConnectionUtils.java:19) ~[spigot.jar:git-Spigot-a99063f-be6aaf0]
	at net.minecraft.server.v1_15_R1.TickTask.run(SourceFile:18) [spigot.jar:git-Spigot-a99063f-be6aaf0]
	at net.minecraft.server.v1_15_R1.IAsyncTaskHandler.executeTask(SourceFile:144) [spigot.jar:git-Spigot-a99063f-be6aaf0]
	at net.minecraft.server.v1_15_R1.IAsyncTaskHandlerReentrant.executeTask(SourceFile:23) [spigot.jar:git-Spigot-a99063f-be6aaf0]
	at net.minecraft.server.v1_15_R1.IAsyncTaskHandler.executeNext(SourceFile:118) [spigot.jar:git-Spigot-a99063f-be6aaf0]
	at net.minecraft.server.v1_15_R1.MinecraftServer.ba(MinecraftServer.java:918) [spigot.jar:git-Spigot-a99063f-be6aaf0]
	at net.minecraft.server.v1_15_R1.MinecraftServer.executeNext(MinecraftServer.java:911) [spigot.jar:git-Spigot-a99063f-be6aaf0]
	at net.minecraft.server.v1_15_R1.IAsyncTaskHandler.awaitTasks(SourceFile:127) [spigot.jar:git-Spigot-a99063f-be6aaf0]
	at net.minecraft.server.v1_15_R1.MinecraftServer.sleepForTick(MinecraftServer.java:895) [spigot.jar:git-Spigot-a99063f-be6aaf0]
	at net.minecraft.server.v1_15_R1.MinecraftServer.run(MinecraftServer.java:828) [spigot.jar:git-Spigot-a99063f-be6aaf0]
	at java.lang.Thread.run(Thread.java:748) [?:1.8.0_252]
Caused by: java.lang.NullPointerException
	at me.jet315.minions.minions.Minion.onFirstSpawn(Minion.java:315) ~[?:?]
	at io.github.jugbot.CrafterMinion.onFirstSpawn(CrafterMinion.java:78) ~[?:?]
	at me.jet315.minions.listeners.MinionPlaceListener.onMinionPlace(MinionPlaceListener.java:193) ~[?:?]
	at sun.reflect.NativeMethodAccessorImpl.invoke0(Native Method) ~[?:1.8.0_252]
	at sun.reflect.NativeMethodAccessorImpl.invoke(NativeMethodAccessorImpl.java:62) ~[?:1.8.0_252]
	at sun.reflect.DelegatingMethodAccessorImpl.invoke(DelegatingMethodAccessorImpl.java:43) ~[?:1.8.0_252]
	at java.lang.reflect.Method.invoke(Method.java:498) ~[?:1.8.0_252]
	at org.bukkit.plugin.java.JavaPluginLoader$1.execute(JavaPluginLoader.java:315) ~[spigot.jar:git-Spigot-a99063f-be6aaf0]
	... 19 more
[21:40:44] [Server thread/ERROR]: Could not pass event PlayerInteractEvent to JetsMinions v6.2.8
org.bukkit.event.EventException: null
	at org.bukkit.plugin.java.JavaPluginLoader$1.execute(JavaPluginLoader.java:319) ~[spigot.jar:git-Spigot-a99063f-be6aaf0]
	at org.bukkit.plugin.RegisteredListener.callEvent(RegisteredListener.java:70) ~[spigot.jar:git-Spigot-a99063f-be6aaf0]
	at org.bukkit.plugin.SimplePluginManager.fireEvent(SimplePluginManager.java:589) ~[spigot.jar:git-Spigot-a99063f-be6aaf0]
	at org.bukkit.plugin.SimplePluginManager.callEvent(SimplePluginManager.java:576) ~[spigot.jar:git-Spigot-a99063f-be6aaf0]
	at org.bukkit.craftbukkit.v1_15_R1.event.CraftEventFactory.callPlayerInteractEvent(CraftEventFactory.java:450) ~[spigot.jar:git-Spigot-a99063f-be6aaf0]
	at net.minecraft.server.v1_15_R1.PlayerInteractManager.a(PlayerInteractManager.java:441) ~[spigot.jar:git-Spigot-a99063f-be6aaf0]
	at net.minecraft.server.v1_15_R1.PlayerConnection.a(PlayerConnection.java:1251) ~[spigot.jar:git-Spigot-a99063f-be6aaf0]
	at net.minecraft.server.v1_15_R1.PacketPlayInUseItem.a(PacketPlayInUseItem.java:27) ~[spigot.jar:git-Spigot-a99063f-be6aaf0]
	at net.minecraft.server.v1_15_R1.PacketPlayInUseItem.a(PacketPlayInUseItem.java:1) ~[spigot.jar:git-Spigot-a99063f-be6aaf0]
	at net.minecraft.server.v1_15_R1.PlayerConnectionUtils.lambda$0(PlayerConnectionUtils.java:19) ~[spigot.jar:git-Spigot-a99063f-be6aaf0]
	at net.minecraft.server.v1_15_R1.TickTask.run(SourceFile:18) [spigot.jar:git-Spigot-a99063f-be6aaf0]
	at net.minecraft.server.v1_15_R1.IAsyncTaskHandler.executeTask(SourceFile:144) [spigot.jar:git-Spigot-a99063f-be6aaf0]
	at net.minecraft.server.v1_15_R1.IAsyncTaskHandlerReentrant.executeTask(SourceFile:23) [spigot.jar:git-Spigot-a99063f-be6aaf0]
	at net.minecraft.server.v1_15_R1.IAsyncTaskHandler.executeNext(SourceFile:118) [spigot.jar:git-Spigot-a99063f-be6aaf0]
	at net.minecraft.server.v1_15_R1.MinecraftServer.ba(MinecraftServer.java:918) [spigot.jar:git-Spigot-a99063f-be6aaf0]
	at net.minecraft.server.v1_15_R1.MinecraftServer.executeNext(MinecraftServer.java:911) [spigot.jar:git-Spigot-a99063f-be6aaf0]
	at net.minecraft.server.v1_15_R1.IAsyncTaskHandler.awaitTasks(SourceFile:127) [spigot.jar:git-Spigot-a99063f-be6aaf0]
	at net.minecraft.server.v1_15_R1.MinecraftServer.sleepForTick(MinecraftServer.java:895) [spigot.jar:git-Spigot-a99063f-be6aaf0]
	at net.minecraft.server.v1_15_R1.MinecraftServer.run(MinecraftServer.java:828) [spigot.jar:git-Spigot-a99063f-be6aaf0]
	at java.lang.Thread.run(Thread.java:748) [?:1.8.0_252]
Caused by: java.lang.NullPointerException
	at io.github.jugbot.CrafterMinion$BlockListener.onPlayerInteract(CrafterMinion.java:39) ~[?:?]
	at sun.reflect.GeneratedMethodAccessor5.invoke(Unknown Source) ~[?:?]
	at sun.reflect.DelegatingMethodAccessorImpl.invoke(DelegatingMethodAccessorImpl.java:43) ~[?:1.8.0_252]
	at java.lang.reflect.Method.invoke(Method.java:498) ~[?:1.8.0_252]
	at org.bukkit.plugin.java.JavaPluginLoader$1.execute(JavaPluginLoader.java:315) ~[spigot.jar:git-Spigot-a99063f-be6aaf0]
	... 19 more
[21:40:46] [Server thread/ERROR]: Could not pass event PlayerInteractEvent to JetsMinions v6.2.8
org.bukkit.event.EventException: null
	at org.bukkit.plugin.java.JavaPluginLoader$1.execute(JavaPluginLoader.java:319) ~[spigot.jar:git-Spigot-a99063f-be6aaf0]
	at org.bukkit.plugin.RegisteredListener.callEvent(RegisteredListener.java:70) ~[spigot.jar:git-Spigot-a99063f-be6aaf0]
	at org.bukkit.plugin.SimplePluginManager.fireEvent(SimplePluginManager.java:589) ~[spigot.jar:git-Spigot-a99063f-be6aaf0]
	at org.bukkit.plugin.SimplePluginManager.callEvent(SimplePluginManager.java:576) ~[spigot.jar:git-Spigot-a99063f-be6aaf0]
	at org.bukkit.craftbukkit.v1_15_R1.event.CraftEventFactory.callPlayerInteractEvent(CraftEventFactory.java:450) ~[spigot.jar:git-Spigot-a99063f-be6aaf0]
	at net.minecraft.server.v1_15_R1.PlayerInteractManager.a(PlayerInteractManager.java:441) ~[spigot.jar:git-Spigot-a99063f-be6aaf0]
	at net.minecraft.server.v1_15_R1.PlayerConnection.a(PlayerConnection.java:1251) ~[spigot.jar:git-Spigot-a99063f-be6aaf0]
	at net.minecraft.server.v1_15_R1.PacketPlayInUseItem.a(PacketPlayInUseItem.java:27) ~[spigot.jar:git-Spigot-a99063f-be6aaf0]
	at net.minecraft.server.v1_15_R1.PacketPlayInUseItem.a(PacketPlayInUseItem.java:1) ~[spigot.jar:git-Spigot-a99063f-be6aaf0]
	at net.minecraft.server.v1_15_R1.PlayerConnectionUtils.lambda$0(PlayerConnectionUtils.java:19) ~[spigot.jar:git-Spigot-a99063f-be6aaf0]
	at net.minecraft.server.v1_15_R1.TickTask.run(SourceFile:18) [spigot.jar:git-Spigot-a99063f-be6aaf0]
	at net.minecraft.server.v1_15_R1.IAsyncTaskHandler.executeTask(SourceFile:144) [spigot.jar:git-Spigot-a99063f-be6aaf0]
	at net.minecraft.server.v1_15_R1.IAsyncTaskHandlerReentrant.executeTask(SourceFile:23) [spigot.jar:git-Spigot-a99063f-be6aaf0]
	at net.minecraft.server.v1_15_R1.IAsyncTaskHandler.executeNext(SourceFile:118) [spigot.jar:git-Spigot-a99063f-be6aaf0]
	at net.minecraft.server.v1_15_R1.MinecraftServer.ba(MinecraftServer.java:918) [spigot.jar:git-Spigot-a99063f-be6aaf0]
	at net.minecraft.server.v1_15_R1.MinecraftServer.executeNext(MinecraftServer.java:911) [spigot.jar:git-Spigot-a99063f-be6aaf0]
	at net.minecraft.server.v1_15_R1.IAsyncTaskHandler.awaitTasks(SourceFile:127) [spigot.jar:git-Spigot-a99063f-be6aaf0]
	at net.minecraft.server.v1_15_R1.MinecraftServer.sleepForTick(MinecraftServer.java:895) [spigot.jar:git-Spigot-a99063f-be6aaf0]
	at net.minecraft.server.v1_15_R1.MinecraftServer.run(MinecraftServer.java:828) [spigot.jar:git-Spigot-a99063f-be6aaf0]
	at java.lang.Thread.run(Thread.java:748) [?:1.8.0_252]
Caused by: java.lang.NullPointerException
	at io.github.jugbot.CrafterMinion$BlockListener.onPlayerInteract(CrafterMinion.java:39) ~[?:?]
	at sun.reflect.GeneratedMethodAccessor5.invoke(Unknown Source) ~[?:?]
	at sun.reflect.DelegatingMethodAccessorImpl.invoke(DelegatingMethodAccessorImpl.java:43) ~[?:1.8.0_252]
	at java.lang.reflect.Method.invoke(Method.java:498) ~[?:1.8.0_252]
	at org.bukkit.plugin.java.JavaPluginLoader$1.execute(JavaPluginLoader.java:315) ~[spigot.jar:git-Spigot-a99063f-be6aaf0]
	... 19 more
[21:40:57] [Async Chat Thread - #0/INFO]: <Jugbot> hi[m
[21:40:59] [Server thread/ERROR]: Could not pass event PlayerInteractEvent to JetsMinions v6.2.8
org.bukkit.event.EventException: null
	at org.bukkit.plugin.java.JavaPluginLoader$1.execute(JavaPluginLoader.java:319) ~[spigot.jar:git-Spigot-a99063f-be6aaf0]
	at org.bukkit.plugin.RegisteredListener.callEvent(RegisteredListener.java:70) ~[spigot.jar:git-Spigot-a99063f-be6aaf0]
	at org.bukkit.plugin.SimplePluginManager.fireEvent(SimplePluginManager.java:589) ~[spigot.jar:git-Spigot-a99063f-be6aaf0]
	at org.bukkit.plugin.SimplePluginManager.callEvent(SimplePluginManager.java:576) ~[spigot.jar:git-Spigot-a99063f-be6aaf0]
	at org.bukkit.craftbukkit.v1_15_R1.event.CraftEventFactory.callPlayerInteractEvent(CraftEventFactory.java:450) ~[spigot.jar:git-Spigot-a99063f-be6aaf0]
	at net.minecraft.server.v1_15_R1.PlayerInteractManager.a(PlayerInteractManager.java:441) ~[spigot.jar:git-Spigot-a99063f-be6aaf0]
	at net.minecraft.server.v1_15_R1.PlayerConnection.a(PlayerConnection.java:1251) ~[spigot.jar:git-Spigot-a99063f-be6aaf0]
	at net.minecraft.server.v1_15_R1.PacketPlayInUseItem.a(PacketPlayInUseItem.java:27) ~[spigot.jar:git-Spigot-a99063f-be6aaf0]
	at net.minecraft.server.v1_15_R1.PacketPlayInUseItem.a(PacketPlayInUseItem.java:1) ~[spigot.jar:git-Spigot-a99063f-be6aaf0]
	at net.minecraft.server.v1_15_R1.PlayerConnectionUtils.lambda$0(PlayerConnectionUtils.java:19) ~[spigot.jar:git-Spigot-a99063f-be6aaf0]
	at net.minecraft.server.v1_15_R1.TickTask.run(SourceFile:18) [spigot.jar:git-Spigot-a99063f-be6aaf0]
	at net.minecraft.server.v1_15_R1.IAsyncTaskHandler.executeTask(SourceFile:144) [spigot.jar:git-Spigot-a99063f-be6aaf0]
	at net.minecraft.server.v1_15_R1.IAsyncTaskHandlerReentrant.executeTask(SourceFile:23) [spigot.jar:git-Spigot-a99063f-be6aaf0]
	at net.minecraft.server.v1_15_R1.IAsyncTaskHandler.executeNext(SourceFile:118) [spigot.jar:git-Spigot-a99063f-be6aaf0]
	at net.minecraft.server.v1_15_R1.MinecraftServer.ba(MinecraftServer.java:918) [spigot.jar:git-Spigot-a99063f-be6aaf0]
	at net.minecraft.server.v1_15_R1.MinecraftServer.executeNext(MinecraftServer.java:911) [spigot.jar:git-Spigot-a99063f-be6aaf0]
	at net.minecraft.server.v1_15_R1.IAsyncTaskHandler.awaitTasks(SourceFile:127) [spigot.jar:git-Spigot-a99063f-be6aaf0]
	at net.minecraft.server.v1_15_R1.MinecraftServer.sleepForTick(MinecraftServer.java:895) [spigot.jar:git-Spigot-a99063f-be6aaf0]
	at net.minecraft.server.v1_15_R1.MinecraftServer.run(MinecraftServer.java:828) [spigot.jar:git-Spigot-a99063f-be6aaf0]
	at java.lang.Thread.run(Thread.java:748) [?:1.8.0_252]
Caused by: java.lang.NullPointerException
	at io.github.jugbot.CrafterMinion$BlockListener.onPlayerInteract(CrafterMinion.java:39) ~[?:?]
	at sun.reflect.GeneratedMethodAccessor5.invoke(Unknown Source) ~[?:?]
	at sun.reflect.DelegatingMethodAccessorImpl.invoke(DelegatingMethodAccessorImpl.java:43) ~[?:1.8.0_252]
	at java.lang.reflect.Method.invoke(Method.java:498) ~[?:1.8.0_252]
	at org.bukkit.plugin.java.JavaPluginLoader$1.execute(JavaPluginLoader.java:315) ~[spigot.jar:git-Spigot-a99063f-be6aaf0]
	... 19 more
[21:41:04] [Server thread/ERROR]: Could not pass event PlayerInteractEvent to JetsMinions v6.2.8
org.bukkit.event.EventException: null
	at org.bukkit.plugin.java.JavaPluginLoader$1.execute(JavaPluginLoader.java:319) ~[spigot.jar:git-Spigot-a99063f-be6aaf0]
	at org.bukkit.plugin.RegisteredListener.callEvent(RegisteredListener.java:70) ~[spigot.jar:git-Spigot-a99063f-be6aaf0]
	at org.bukkit.plugin.SimplePluginManager.fireEvent(SimplePluginManager.java:589) ~[spigot.jar:git-Spigot-a99063f-be6aaf0]
	at org.bukkit.plugin.SimplePluginManager.callEvent(SimplePluginManager.java:576) ~[spigot.jar:git-Spigot-a99063f-be6aaf0]
	at org.bukkit.craftbukkit.v1_15_R1.event.CraftEventFactory.callPlayerInteractEvent(CraftEventFactory.java:450) ~[spigot.jar:git-Spigot-a99063f-be6aaf0]
	at net.minecraft.server.v1_15_R1.PlayerInteractManager.a(PlayerInteractManager.java:441) ~[spigot.jar:git-Spigot-a99063f-be6aaf0]
	at net.minecraft.server.v1_15_R1.PlayerConnection.a(PlayerConnection.java:1251) ~[spigot.jar:git-Spigot-a99063f-be6aaf0]
	at net.minecraft.server.v1_15_R1.PacketPlayInUseItem.a(PacketPlayInUseItem.java:27) ~[spigot.jar:git-Spigot-a99063f-be6aaf0]
	at net.minecraft.server.v1_15_R1.PacketPlayInUseItem.a(PacketPlayInUseItem.java:1) ~[spigot.jar:git-Spigot-a99063f-be6aaf0]
	at net.minecraft.server.v1_15_R1.PlayerConnectionUtils.lambda$0(PlayerConnectionUtils.java:19) ~[spigot.jar:git-Spigot-a99063f-be6aaf0]
	at net.minecraft.server.v1_15_R1.TickTask.run(SourceFile:18) [spigot.jar:git-Spigot-a99063f-be6aaf0]
	at net.minecraft.server.v1_15_R1.IAsyncTaskHandler.executeTask(SourceFile:144) [spigot.jar:git-Spigot-a99063f-be6aaf0]
	at net.minecraft.server.v1_15_R1.IAsyncTaskHandlerReentrant.executeTask(SourceFile:23) [spigot.jar:git-Spigot-a99063f-be6aaf0]
	at net.minecraft.server.v1_15_R1.IAsyncTaskHandler.executeNext(SourceFile:118) [spigot.jar:git-Spigot-a99063f-be6aaf0]
	at net.minecraft.server.v1_15_R1.MinecraftServer.ba(MinecraftServer.java:918) [spigot.jar:git-Spigot-a99063f-be6aaf0]
	at net.minecraft.server.v1_15_R1.MinecraftServer.executeNext(MinecraftServer.java:911) [spigot.jar:git-Spigot-a99063f-be6aaf0]
	at net.minecraft.server.v1_15_R1.IAsyncTaskHandler.awaitTasks(SourceFile:127) [spigot.jar:git-Spigot-a99063f-be6aaf0]
	at net.minecraft.server.v1_15_R1.MinecraftServer.sleepForTick(MinecraftServer.java:895) [spigot.jar:git-Spigot-a99063f-be6aaf0]
	at net.minecraft.server.v1_15_R1.MinecraftServer.run(MinecraftServer.java:828) [spigot.jar:git-Spigot-a99063f-be6aaf0]
	at java.lang.Thread.run(Thread.java:748) [?:1.8.0_252]
Caused by: java.lang.NullPointerException
	at io.github.jugbot.CrafterMinion$BlockListener.onPlayerInteract(CrafterMinion.java:39) ~[?:?]
	at sun.reflect.GeneratedMethodAccessor5.invoke(Unknown Source) ~[?:?]
	at sun.reflect.DelegatingMethodAccessorImpl.invoke(DelegatingMethodAccessorImpl.java:43) ~[?:1.8.0_252]
	at java.lang.reflect.Method.invoke(Method.java:498) ~[?:1.8.0_252]
	at org.bukkit.plugin.java.JavaPluginLoader$1.execute(JavaPluginLoader.java:315) ~[spigot.jar:git-Spigot-a99063f-be6aaf0]
	... 19 more
[21:41:07] [Server thread/ERROR]: Could not pass event PlayerInteractEvent to JetsMinions v6.2.8
org.bukkit.event.EventException: null
	at org.bukkit.plugin.java.JavaPluginLoader$1.execute(JavaPluginLoader.java:319) ~[spigot.jar:git-Spigot-a99063f-be6aaf0]
	at org.bukkit.plugin.RegisteredListener.callEvent(RegisteredListener.java:70) ~[spigot.jar:git-Spigot-a99063f-be6aaf0]
	at org.bukkit.plugin.SimplePluginManager.fireEvent(SimplePluginManager.java:589) ~[spigot.jar:git-Spigot-a99063f-be6aaf0]
	at org.bukkit.plugin.SimplePluginManager.callEvent(SimplePluginManager.java:576) ~[spigot.jar:git-Spigot-a99063f-be6aaf0]
	at org.bukkit.craftbukkit.v1_15_R1.event.CraftEventFactory.callPlayerInteractEvent(CraftEventFactory.java:450) ~[spigot.jar:git-Spigot-a99063f-be6aaf0]
	at net.minecraft.server.v1_15_R1.PlayerInteractManager.a(PlayerInteractManager.java:441) ~[spigot.jar:git-Spigot-a99063f-be6aaf0]
	at net.minecraft.server.v1_15_R1.PlayerConnection.a(PlayerConnection.java:1251) ~[spigot.jar:git-Spigot-a99063f-be6aaf0]
	at net.minecraft.server.v1_15_R1.PacketPlayInUseItem.a(PacketPlayInUseItem.java:27) ~[spigot.jar:git-Spigot-a99063f-be6aaf0]
	at net.minecraft.server.v1_15_R1.PacketPlayInUseItem.a(PacketPlayInUseItem.java:1) ~[spigot.jar:git-Spigot-a99063f-be6aaf0]
	at net.minecraft.server.v1_15_R1.PlayerConnectionUtils.lambda$0(PlayerConnectionUtils.java:19) ~[spigot.jar:git-Spigot-a99063f-be6aaf0]
	at net.minecraft.server.v1_15_R1.TickTask.run(SourceFile:18) [spigot.jar:git-Spigot-a99063f-be6aaf0]
	at net.minecraft.server.v1_15_R1.IAsyncTaskHandler.executeTask(SourceFile:144) [spigot.jar:git-Spigot-a99063f-be6aaf0]
	at net.minecraft.server.v1_15_R1.IAsyncTaskHandlerReentrant.executeTask(SourceFile:23) [spigot.jar:git-Spigot-a99063f-be6aaf0]
	at net.minecraft.server.v1_15_R1.IAsyncTaskHandler.executeNext(SourceFile:118) [spigot.jar:git-Spigot-a99063f-be6aaf0]
	at net.minecraft.server.v1_15_R1.MinecraftServer.ba(MinecraftServer.java:918) [spigot.jar:git-Spigot-a99063f-be6aaf0]
	at net.minecraft.server.v1_15_R1.MinecraftServer.executeNext(MinecraftServer.java:911) [spigot.jar:git-Spigot-a99063f-be6aaf0]
	at net.minecraft.server.v1_15_R1.IAsyncTaskHandler.awaitTasks(SourceFile:127) [spigot.jar:git-Spigot-a99063f-be6aaf0]
	at net.minecraft.server.v1_15_R1.MinecraftServer.sleepForTick(MinecraftServer.java:895) [spigot.jar:git-Spigot-a99063f-be6aaf0]
	at net.minecraft.server.v1_15_R1.MinecraftServer.run(MinecraftServer.java:828) [spigot.jar:git-Spigot-a99063f-be6aaf0]
	at java.lang.Thread.run(Thread.java:748) [?:1.8.0_252]
Caused by: java.lang.NullPointerException
	at io.github.jugbot.CrafterMinion$BlockListener.onPlayerInteract(CrafterMinion.java:39) ~[?:?]
	at sun.reflect.GeneratedMethodAccessor5.invoke(Unknown Source) ~[?:?]
	at sun.reflect.DelegatingMethodAccessorImpl.invoke(DelegatingMethodAccessorImpl.java:43) ~[?:1.8.0_252]
	at java.lang.reflect.Method.invoke(Method.java:498) ~[?:1.8.0_252]
	at org.bukkit.plugin.java.JavaPluginLoader$1.execute(JavaPluginLoader.java:315) ~[spigot.jar:git-Spigot-a99063f-be6aaf0]
	... 19 more
[21:41:09] [Server thread/ERROR]: Could not pass event PlayerInteractEvent to JetsMinions v6.2.8
org.bukkit.event.EventException: null
	at org.bukkit.plugin.java.JavaPluginLoader$1.execute(JavaPluginLoader.java:319) ~[spigot.jar:git-Spigot-a99063f-be6aaf0]
	at org.bukkit.plugin.RegisteredListener.callEvent(RegisteredListener.java:70) ~[spigot.jar:git-Spigot-a99063f-be6aaf0]
	at org.bukkit.plugin.SimplePluginManager.fireEvent(SimplePluginManager.java:589) ~[spigot.jar:git-Spigot-a99063f-be6aaf0]
	at org.bukkit.plugin.SimplePluginManager.callEvent(SimplePluginManager.java:576) ~[spigot.jar:git-Spigot-a99063f-be6aaf0]
	at org.bukkit.craftbukkit.v1_15_R1.event.CraftEventFactory.callPlayerInteractEvent(CraftEventFactory.java:450) ~[spigot.jar:git-Spigot-a99063f-be6aaf0]
	at net.minecraft.server.v1_15_R1.PlayerInteractManager.a(PlayerInteractManager.java:441) ~[spigot.jar:git-Spigot-a99063f-be6aaf0]
	at net.minecraft.server.v1_15_R1.PlayerConnection.a(PlayerConnection.java:1251) ~[spigot.jar:git-Spigot-a99063f-be6aaf0]
	at net.minecraft.server.v1_15_R1.PacketPlayInUseItem.a(PacketPlayInUseItem.java:27) ~[spigot.jar:git-Spigot-a99063f-be6aaf0]
	at net.minecraft.server.v1_15_R1.PacketPlayInUseItem.a(PacketPlayInUseItem.java:1) ~[spigot.jar:git-Spigot-a99063f-be6aaf0]
	at net.minecraft.server.v1_15_R1.PlayerConnectionUtils.lambda$0(PlayerConnectionUtils.java:19) ~[spigot.jar:git-Spigot-a99063f-be6aaf0]
	at net.minecraft.server.v1_15_R1.TickTask.run(SourceFile:18) [spigot.jar:git-Spigot-a99063f-be6aaf0]
	at net.minecraft.server.v1_15_R1.IAsyncTaskHandler.executeTask(SourceFile:144) [spigot.jar:git-Spigot-a99063f-be6aaf0]
	at net.minecraft.server.v1_15_R1.IAsyncTaskHandlerReentrant.executeTask(SourceFile:23) [spigot.jar:git-Spigot-a99063f-be6aaf0]
	at net.minecraft.server.v1_15_R1.IAsyncTaskHandler.executeNext(SourceFile:118) [spigot.jar:git-Spigot-a99063f-be6aaf0]
	at net.minecraft.server.v1_15_R1.MinecraftServer.ba(MinecraftServer.java:918) [spigot.jar:git-Spigot-a99063f-be6aaf0]
	at net.minecraft.server.v1_15_R1.MinecraftServer.executeNext(MinecraftServer.java:911) [spigot.jar:git-Spigot-a99063f-be6aaf0]
	at net.minecraft.server.v1_15_R1.IAsyncTaskHandler.awaitTasks(SourceFile:127) [spigot.jar:git-Spigot-a99063f-be6aaf0]
	at net.minecraft.server.v1_15_R1.MinecraftServer.sleepForTick(MinecraftServer.java:895) [spigot.jar:git-Spigot-a99063f-be6aaf0]
	at net.minecraft.server.v1_15_R1.MinecraftServer.run(MinecraftServer.java:828) [spigot.jar:git-Spigot-a99063f-be6aaf0]
	at java.lang.Thread.run(Thread.java:748) [?:1.8.0_252]
Caused by: java.lang.NullPointerException
	at io.github.jugbot.CrafterMinion$BlockListener.onPlayerInteract(CrafterMinion.java:39) ~[?:?]
	at sun.reflect.GeneratedMethodAccessor5.invoke(Unknown Source) ~[?:?]
	at sun.reflect.DelegatingMethodAccessorImpl.invoke(DelegatingMethodAccessorImpl.java:43) ~[?:1.8.0_252]
	at java.lang.reflect.Method.invoke(Method.java:498) ~[?:1.8.0_252]
	at org.bukkit.plugin.java.JavaPluginLoader$1.execute(JavaPluginLoader.java:315) ~[spigot.jar:git-Spigot-a99063f-be6aaf0]
	... 19 more
[21:41:11] [Server thread/ERROR]: Could not pass event PlayerInteractEvent to JetsMinions v6.2.8
org.bukkit.event.EventException: null
	at org.bukkit.plugin.java.JavaPluginLoader$1.execute(JavaPluginLoader.java:319) ~[spigot.jar:git-Spigot-a99063f-be6aaf0]
	at org.bukkit.plugin.RegisteredListener.callEvent(RegisteredListener.java:70) ~[spigot.jar:git-Spigot-a99063f-be6aaf0]
	at org.bukkit.plugin.SimplePluginManager.fireEvent(SimplePluginManager.java:589) ~[spigot.jar:git-Spigot-a99063f-be6aaf0]
	at org.bukkit.plugin.SimplePluginManager.callEvent(SimplePluginManager.java:576) ~[spigot.jar:git-Spigot-a99063f-be6aaf0]
	at org.bukkit.craftbukkit.v1_15_R1.event.CraftEventFactory.callPlayerInteractEvent(CraftEventFactory.java:450) ~[spigot.jar:git-Spigot-a99063f-be6aaf0]
	at net.minecraft.server.v1_15_R1.PlayerInteractManager.a(PlayerInteractManager.java:441) ~[spigot.jar:git-Spigot-a99063f-be6aaf0]
	at net.minecraft.server.v1_15_R1.PlayerConnection.a(PlayerConnection.java:1251) ~[spigot.jar:git-Spigot-a99063f-be6aaf0]
	at net.minecraft.server.v1_15_R1.PacketPlayInUseItem.a(PacketPlayInUseItem.java:27) ~[spigot.jar:git-Spigot-a99063f-be6aaf0]
	at net.minecraft.server.v1_15_R1.PacketPlayInUseItem.a(PacketPlayInUseItem.java:1) ~[spigot.jar:git-Spigot-a99063f-be6aaf0]
	at net.minecraft.server.v1_15_R1.PlayerConnectionUtils.lambda$0(PlayerConnectionUtils.java:19) ~[spigot.jar:git-Spigot-a99063f-be6aaf0]
	at net.minecraft.server.v1_15_R1.TickTask.run(SourceFile:18) [spigot.jar:git-Spigot-a99063f-be6aaf0]
	at net.minecraft.server.v1_15_R1.IAsyncTaskHandler.executeTask(SourceFile:144) [spigot.jar:git-Spigot-a99063f-be6aaf0]
	at net.minecraft.server.v1_15_R1.IAsyncTaskHandlerReentrant.executeTask(SourceFile:23) [spigot.jar:git-Spigot-a99063f-be6aaf0]
	at net.minecraft.server.v1_15_R1.IAsyncTaskHandler.executeNext(SourceFile:118) [spigot.jar:git-Spigot-a99063f-be6aaf0]
	at net.minecraft.server.v1_15_R1.MinecraftServer.ba(MinecraftServer.java:918) [spigot.jar:git-Spigot-a99063f-be6aaf0]
	at net.minecraft.server.v1_15_R1.MinecraftServer.executeNext(MinecraftServer.java:911) [spigot.jar:git-Spigot-a99063f-be6aaf0]
	at net.minecraft.server.v1_15_R1.IAsyncTaskHandler.awaitTasks(SourceFile:127) [spigot.jar:git-Spigot-a99063f-be6aaf0]
	at net.minecraft.server.v1_15_R1.MinecraftServer.sleepForTick(MinecraftServer.java:895) [spigot.jar:git-Spigot-a99063f-be6aaf0]
	at net.minecraft.server.v1_15_R1.MinecraftServer.run(MinecraftServer.java:828) [spigot.jar:git-Spigot-a99063f-be6aaf0]
	at java.lang.Thread.run(Thread.java:748) [?:1.8.0_252]
Caused by: java.lang.NullPointerException
	at io.github.jugbot.CrafterMinion$BlockListener.onPlayerInteract(CrafterMinion.java:39) ~[?:?]
	at sun.reflect.GeneratedMethodAccessor5.invoke(Unknown Source) ~[?:?]
	at sun.reflect.DelegatingMethodAccessorImpl.invoke(DelegatingMethodAccessorImpl.java:43) ~[?:1.8.0_252]
	at java.lang.reflect.Method.invoke(Method.java:498) ~[?:1.8.0_252]
	at org.bukkit.plugin.java.JavaPluginLoader$1.execute(JavaPluginLoader.java:315) ~[spigot.jar:git-Spigot-a99063f-be6aaf0]
	... 19 more
[21:41:34] [Server thread/ERROR]: Could not pass event PlayerInteractEvent to JetsMinions v6.2.8
org.bukkit.event.EventException: null
	at org.bukkit.plugin.java.JavaPluginLoader$1.execute(JavaPluginLoader.java:319) ~[spigot.jar:git-Spigot-a99063f-be6aaf0]
	at org.bukkit.plugin.RegisteredListener.callEvent(RegisteredListener.java:70) ~[spigot.jar:git-Spigot-a99063f-be6aaf0]
	at org.bukkit.plugin.SimplePluginManager.fireEvent(SimplePluginManager.java:589) ~[spigot.jar:git-Spigot-a99063f-be6aaf0]
	at org.bukkit.plugin.SimplePluginManager.callEvent(SimplePluginManager.java:576) ~[spigot.jar:git-Spigot-a99063f-be6aaf0]
	at org.bukkit.craftbukkit.v1_15_R1.event.CraftEventFactory.callPlayerInteractEvent(CraftEventFactory.java:450) ~[spigot.jar:git-Spigot-a99063f-be6aaf0]
	at net.minecraft.server.v1_15_R1.PlayerInteractManager.a(PlayerInteractManager.java:441) ~[spigot.jar:git-Spigot-a99063f-be6aaf0]
	at net.minecraft.server.v1_15_R1.PlayerConnection.a(PlayerConnection.java:1251) ~[spigot.jar:git-Spigot-a99063f-be6aaf0]
	at net.minecraft.server.v1_15_R1.PacketPlayInUseItem.a(PacketPlayInUseItem.java:27) ~[spigot.jar:git-Spigot-a99063f-be6aaf0]
	at net.minecraft.server.v1_15_R1.PacketPlayInUseItem.a(PacketPlayInUseItem.java:1) ~[spigot.jar:git-Spigot-a99063f-be6aaf0]
	at net.minecraft.server.v1_15_R1.PlayerConnectionUtils.lambda$0(PlayerConnectionUtils.java:19) ~[spigot.jar:git-Spigot-a99063f-be6aaf0]
	at net.minecraft.server.v1_15_R1.TickTask.run(SourceFile:18) [spigot.jar:git-Spigot-a99063f-be6aaf0]
	at net.minecraft.server.v1_15_R1.IAsyncTaskHandler.executeTask(SourceFile:144) [spigot.jar:git-Spigot-a99063f-be6aaf0]
	at net.minecraft.server.v1_15_R1.IAsyncTaskHandlerReentrant.executeTask(SourceFile:23) [spigot.jar:git-Spigot-a99063f-be6aaf0]
	at net.minecraft.server.v1_15_R1.IAsyncTaskHandler.executeNext(SourceFile:118) [spigot.jar:git-Spigot-a99063f-be6aaf0]
	at net.minecraft.server.v1_15_R1.MinecraftServer.ba(MinecraftServer.java:918) [spigot.jar:git-Spigot-a99063f-be6aaf0]
	at net.minecraft.server.v1_15_R1.MinecraftServer.executeNext(MinecraftServer.java:911) [spigot.jar:git-Spigot-a99063f-be6aaf0]
	at net.minecraft.server.v1_15_R1.IAsyncTaskHandler.awaitTasks(SourceFile:127) [spigot.jar:git-Spigot-a99063f-be6aaf0]
	at net.minecraft.server.v1_15_R1.MinecraftServer.sleepForTick(MinecraftServer.java:895) [spigot.jar:git-Spigot-a99063f-be6aaf0]
	at net.minecraft.server.v1_15_R1.MinecraftServer.run(MinecraftServer.java:828) [spigot.jar:git-Spigot-a99063f-be6aaf0]
	at java.lang.Thread.run(Thread.java:748) [?:1.8.0_252]
Caused by: java.lang.NullPointerException
	at io.github.jugbot.CrafterMinion$BlockListener.onPlayerInteract(CrafterMinion.java:39) ~[?:?]
	at sun.reflect.GeneratedMethodAccessor5.invoke(Unknown Source) ~[?:?]
	at sun.reflect.DelegatingMethodAccessorImpl.invoke(DelegatingMethodAccessorImpl.java:43) ~[?:1.8.0_252]
	at java.lang.reflect.Method.invoke(Method.java:498) ~[?:1.8.0_252]
	at org.bukkit.plugin.java.JavaPluginLoader$1.execute(JavaPluginLoader.java:315) ~[spigot.jar:git-Spigot-a99063f-be6aaf0]
	... 19 more
[21:41:35] [Server thread/ERROR]: Could not pass event PlayerInteractEvent to JetsMinions v6.2.8
org.bukkit.event.EventException: null
	at org.bukkit.plugin.java.JavaPluginLoader$1.execute(JavaPluginLoader.java:319) ~[spigot.jar:git-Spigot-a99063f-be6aaf0]
	at org.bukkit.plugin.RegisteredListener.callEvent(RegisteredListener.java:70) ~[spigot.jar:git-Spigot-a99063f-be6aaf0]
	at org.bukkit.plugin.SimplePluginManager.fireEvent(SimplePluginManager.java:589) ~[spigot.jar:git-Spigot-a99063f-be6aaf0]
	at org.bukkit.plugin.SimplePluginManager.callEvent(SimplePluginManager.java:576) ~[spigot.jar:git-Spigot-a99063f-be6aaf0]
	at org.bukkit.craftbukkit.v1_15_R1.event.CraftEventFactory.callPlayerInteractEvent(CraftEventFactory.java:450) ~[spigot.jar:git-Spigot-a99063f-be6aaf0]
	at net.minecraft.server.v1_15_R1.PlayerInteractManager.a(PlayerInteractManager.java:441) ~[spigot.jar:git-Spigot-a99063f-be6aaf0]
	at net.minecraft.server.v1_15_R1.PlayerConnection.a(PlayerConnection.java:1251) ~[spigot.jar:git-Spigot-a99063f-be6aaf0]
	at net.minecraft.server.v1_15_R1.PacketPlayInUseItem.a(PacketPlayInUseItem.java:27) ~[spigot.jar:git-Spigot-a99063f-be6aaf0]
	at net.minecraft.server.v1_15_R1.PacketPlayInUseItem.a(PacketPlayInUseItem.java:1) ~[spigot.jar:git-Spigot-a99063f-be6aaf0]
	at net.minecraft.server.v1_15_R1.PlayerConnectionUtils.lambda$0(PlayerConnectionUtils.java:19) ~[spigot.jar:git-Spigot-a99063f-be6aaf0]
	at net.minecraft.server.v1_15_R1.TickTask.run(SourceFile:18) [spigot.jar:git-Spigot-a99063f-be6aaf0]
	at net.minecraft.server.v1_15_R1.IAsyncTaskHandler.executeTask(SourceFile:144) [spigot.jar:git-Spigot-a99063f-be6aaf0]
	at net.minecraft.server.v1_15_R1.IAsyncTaskHandlerReentrant.executeTask(SourceFile:23) [spigot.jar:git-Spigot-a99063f-be6aaf0]
	at net.minecraft.server.v1_15_R1.IAsyncTaskHandler.executeNext(SourceFile:118) [spigot.jar:git-Spigot-a99063f-be6aaf0]
	at net.minecraft.server.v1_15_R1.MinecraftServer.ba(MinecraftServer.java:918) [spigot.jar:git-Spigot-a99063f-be6aaf0]
	at net.minecraft.server.v1_15_R1.MinecraftServer.executeNext(MinecraftServer.java:911) [spigot.jar:git-Spigot-a99063f-be6aaf0]
	at net.minecraft.server.v1_15_R1.IAsyncTaskHandler.awaitTasks(SourceFile:127) [spigot.jar:git-Spigot-a99063f-be6aaf0]
	at net.minecraft.server.v1_15_R1.MinecraftServer.sleepForTick(MinecraftServer.java:895) [spigot.jar:git-Spigot-a99063f-be6aaf0]
	at net.minecraft.server.v1_15_R1.MinecraftServer.run(MinecraftServer.java:828) [spigot.jar:git-Spigot-a99063f-be6aaf0]
	at java.lang.Thread.run(Thread.java:748) [?:1.8.0_252]
Caused by: java.lang.NullPointerException
	at io.github.jugbot.CrafterMinion$BlockListener.onPlayerInteract(CrafterMinion.java:39) ~[?:?]
	at sun.reflect.GeneratedMethodAccessor5.invoke(Unknown Source) ~[?:?]
	at sun.reflect.DelegatingMethodAccessorImpl.invoke(DelegatingMethodAccessorImpl.java:43) ~[?:1.8.0_252]
	at java.lang.reflect.Method.invoke(Method.java:498) ~[?:1.8.0_252]
	at org.bukkit.plugin.java.JavaPluginLoader$1.execute(JavaPluginLoader.java:315) ~[spigot.jar:git-Spigot-a99063f-be6aaf0]
	... 19 more
[21:41:37] [Server thread/ERROR]: Could not pass event PlayerInteractEvent to JetsMinions v6.2.8
org.bukkit.event.EventException: null
	at org.bukkit.plugin.java.JavaPluginLoader$1.execute(JavaPluginLoader.java:319) ~[spigot.jar:git-Spigot-a99063f-be6aaf0]
	at org.bukkit.plugin.RegisteredListener.callEvent(RegisteredListener.java:70) ~[spigot.jar:git-Spigot-a99063f-be6aaf0]
	at org.bukkit.plugin.SimplePluginManager.fireEvent(SimplePluginManager.java:589) ~[spigot.jar:git-Spigot-a99063f-be6aaf0]
	at org.bukkit.plugin.SimplePluginManager.callEvent(SimplePluginManager.java:576) ~[spigot.jar:git-Spigot-a99063f-be6aaf0]
	at org.bukkit.craftbukkit.v1_15_R1.event.CraftEventFactory.callPlayerInteractEvent(CraftEventFactory.java:450) ~[spigot.jar:git-Spigot-a99063f-be6aaf0]
	at net.minecraft.server.v1_15_R1.PlayerInteractManager.a(PlayerInteractManager.java:441) ~[spigot.jar:git-Spigot-a99063f-be6aaf0]
	at net.minecraft.server.v1_15_R1.PlayerConnection.a(PlayerConnection.java:1251) ~[spigot.jar:git-Spigot-a99063f-be6aaf0]
	at net.minecraft.server.v1_15_R1.PacketPlayInUseItem.a(PacketPlayInUseItem.java:27) ~[spigot.jar:git-Spigot-a99063f-be6aaf0]
	at net.minecraft.server.v1_15_R1.PacketPlayInUseItem.a(PacketPlayInUseItem.java:1) ~[spigot.jar:git-Spigot-a99063f-be6aaf0]
	at net.minecraft.server.v1_15_R1.PlayerConnectionUtils.lambda$0(PlayerConnectionUtils.java:19) ~[spigot.jar:git-Spigot-a99063f-be6aaf0]
	at net.minecraft.server.v1_15_R1.TickTask.run(SourceFile:18) [spigot.jar:git-Spigot-a99063f-be6aaf0]
	at net.minecraft.server.v1_15_R1.IAsyncTaskHandler.executeTask(SourceFile:144) [spigot.jar:git-Spigot-a99063f-be6aaf0]
	at net.minecraft.server.v1_15_R1.IAsyncTaskHandlerReentrant.executeTask(SourceFile:23) [spigot.jar:git-Spigot-a99063f-be6aaf0]
	at net.minecraft.server.v1_15_R1.IAsyncTaskHandler.executeNext(SourceFile:118) [spigot.jar:git-Spigot-a99063f-be6aaf0]
	at net.minecraft.server.v1_15_R1.MinecraftServer.ba(MinecraftServer.java:918) [spigot.jar:git-Spigot-a99063f-be6aaf0]
	at net.minecraft.server.v1_15_R1.MinecraftServer.executeNext(MinecraftServer.java:911) [spigot.jar:git-Spigot-a99063f-be6aaf0]
	at net.minecraft.server.v1_15_R1.IAsyncTaskHandler.awaitTasks(SourceFile:127) [spigot.jar:git-Spigot-a99063f-be6aaf0]
	at net.minecraft.server.v1_15_R1.MinecraftServer.sleepForTick(MinecraftServer.java:895) [spigot.jar:git-Spigot-a99063f-be6aaf0]
	at net.minecraft.server.v1_15_R1.MinecraftServer.run(MinecraftServer.java:828) [spigot.jar:git-Spigot-a99063f-be6aaf0]
	at java.lang.Thread.run(Thread.java:748) [?:1.8.0_252]
Caused by: java.lang.NullPointerException
	at io.github.jugbot.CrafterMinion$BlockListener.onPlayerInteract(CrafterMinion.java:39) ~[?:?]
	at sun.reflect.GeneratedMethodAccessor5.invoke(Unknown Source) ~[?:?]
	at sun.reflect.DelegatingMethodAccessorImpl.invoke(DelegatingMethodAccessorImpl.java:43) ~[?:1.8.0_252]
	at java.lang.reflect.Method.invoke(Method.java:498) ~[?:1.8.0_252]
	at org.bukkit.plugin.java.JavaPluginLoader$1.execute(JavaPluginLoader.java:315) ~[spigot.jar:git-Spigot-a99063f-be6aaf0]
	... 19 more
[21:41:39] [Server thread/ERROR]: Could not pass event PlayerInteractEvent to JetsMinions v6.2.8
org.bukkit.event.EventException: null
	at org.bukkit.plugin.java.JavaPluginLoader$1.execute(JavaPluginLoader.java:319) ~[spigot.jar:git-Spigot-a99063f-be6aaf0]
	at org.bukkit.plugin.RegisteredListener.callEvent(RegisteredListener.java:70) ~[spigot.jar:git-Spigot-a99063f-be6aaf0]
	at org.bukkit.plugin.SimplePluginManager.fireEvent(SimplePluginManager.java:589) ~[spigot.jar:git-Spigot-a99063f-be6aaf0]
	at org.bukkit.plugin.SimplePluginManager.callEvent(SimplePluginManager.java:576) ~[spigot.jar:git-Spigot-a99063f-be6aaf0]
	at org.bukkit.craftbukkit.v1_15_R1.event.CraftEventFactory.callPlayerInteractEvent(CraftEventFactory.java:450) ~[spigot.jar:git-Spigot-a99063f-be6aaf0]
	at net.minecraft.server.v1_15_R1.PlayerInteractManager.a(PlayerInteractManager.java:441) ~[spigot.jar:git-Spigot-a99063f-be6aaf0]
	at net.minecraft.server.v1_15_R1.PlayerConnection.a(PlayerConnection.java:1251) ~[spigot.jar:git-Spigot-a99063f-be6aaf0]
	at net.minecraft.server.v1_15_R1.PacketPlayInUseItem.a(PacketPlayInUseItem.java:27) ~[spigot.jar:git-Spigot-a99063f-be6aaf0]
	at net.minecraft.server.v1_15_R1.PacketPlayInUseItem.a(PacketPlayInUseItem.java:1) ~[spigot.jar:git-Spigot-a99063f-be6aaf0]
	at net.minecraft.server.v1_15_R1.PlayerConnectionUtils.lambda$0(PlayerConnectionUtils.java:19) ~[spigot.jar:git-Spigot-a99063f-be6aaf0]
	at net.minecraft.server.v1_15_R1.TickTask.run(SourceFile:18) [spigot.jar:git-Spigot-a99063f-be6aaf0]
	at net.minecraft.server.v1_15_R1.IAsyncTaskHandler.executeTask(SourceFile:144) [spigot.jar:git-Spigot-a99063f-be6aaf0]
	at net.minecraft.server.v1_15_R1.IAsyncTaskHandlerReentrant.executeTask(SourceFile:23) [spigot.jar:git-Spigot-a99063f-be6aaf0]
	at net.minecraft.server.v1_15_R1.IAsyncTaskHandler.executeNext(SourceFile:118) [spigot.jar:git-Spigot-a99063f-be6aaf0]
	at net.minecraft.server.v1_15_R1.MinecraftServer.ba(MinecraftServer.java:918) [spigot.jar:git-Spigot-a99063f-be6aaf0]
	at net.minecraft.server.v1_15_R1.MinecraftServer.executeNext(MinecraftServer.java:911) [spigot.jar:git-Spigot-a99063f-be6aaf0]
	at net.minecraft.server.v1_15_R1.IAsyncTaskHandler.awaitTasks(SourceFile:127) [spigot.jar:git-Spigot-a99063f-be6aaf0]
	at net.minecraft.server.v1_15_R1.MinecraftServer.sleepForTick(MinecraftServer.java:895) [spigot.jar:git-Spigot-a99063f-be6aaf0]
	at net.minecraft.server.v1_15_R1.MinecraftServer.run(MinecraftServer.java:828) [spigot.jar:git-Spigot-a99063f-be6aaf0]
	at java.lang.Thread.run(Thread.java:748) [?:1.8.0_252]
Caused by: java.lang.NullPointerException
	at io.github.jugbot.CrafterMinion$BlockListener.onPlayerInteract(CrafterMinion.java:39) ~[?:?]
	at sun.reflect.GeneratedMethodAccessor5.invoke(Unknown Source) ~[?:?]
	at sun.reflect.DelegatingMethodAccessorImpl.invoke(DelegatingMethodAccessorImpl.java:43) ~[?:1.8.0_252]
	at java.lang.reflect.Method.invoke(Method.java:498) ~[?:1.8.0_252]
	at org.bukkit.plugin.java.JavaPluginLoader$1.execute(JavaPluginLoader.java:315) ~[spigot.jar:git-Spigot-a99063f-be6aaf0]
	... 19 more
[21:41:46] [Server thread/ERROR]: Could not pass event PlayerInteractEvent to JetsMinions v6.2.8
org.bukkit.event.EventException: null
	at org.bukkit.plugin.java.JavaPluginLoader$1.execute(JavaPluginLoader.java:319) ~[spigot.jar:git-Spigot-a99063f-be6aaf0]
	at org.bukkit.plugin.RegisteredListener.callEvent(RegisteredListener.java:70) ~[spigot.jar:git-Spigot-a99063f-be6aaf0]
	at org.bukkit.plugin.SimplePluginManager.fireEvent(SimplePluginManager.java:589) ~[spigot.jar:git-Spigot-a99063f-be6aaf0]
	at org.bukkit.plugin.SimplePluginManager.callEvent(SimplePluginManager.java:576) ~[spigot.jar:git-Spigot-a99063f-be6aaf0]
	at org.bukkit.craftbukkit.v1_15_R1.event.CraftEventFactory.callPlayerInteractEvent(CraftEventFactory.java:450) ~[spigot.jar:git-Spigot-a99063f-be6aaf0]
	at net.minecraft.server.v1_15_R1.PlayerInteractManager.a(PlayerInteractManager.java:441) ~[spigot.jar:git-Spigot-a99063f-be6aaf0]
	at net.minecraft.server.v1_15_R1.PlayerConnection.a(PlayerConnection.java:1251) ~[spigot.jar:git-Spigot-a99063f-be6aaf0]
	at net.minecraft.server.v1_15_R1.PacketPlayInUseItem.a(PacketPlayInUseItem.java:27) ~[spigot.jar:git-Spigot-a99063f-be6aaf0]
	at net.minecraft.server.v1_15_R1.PacketPlayInUseItem.a(PacketPlayInUseItem.java:1) ~[spigot.jar:git-Spigot-a99063f-be6aaf0]
	at net.minecraft.server.v1_15_R1.PlayerConnectionUtils.lambda$0(PlayerConnectionUtils.java:19) ~[spigot.jar:git-Spigot-a99063f-be6aaf0]
	at net.minecraft.server.v1_15_R1.TickTask.run(SourceFile:18) [spigot.jar:git-Spigot-a99063f-be6aaf0]
	at net.minecraft.server.v1_15_R1.IAsyncTaskHandler.executeTask(SourceFile:144) [spigot.jar:git-Spigot-a99063f-be6aaf0]
	at net.minecraft.server.v1_15_R1.IAsyncTaskHandlerReentrant.executeTask(SourceFile:23) [spigot.jar:git-Spigot-a99063f-be6aaf0]
	at net.minecraft.server.v1_15_R1.IAsyncTaskHandler.executeNext(SourceFile:118) [spigot.jar:git-Spigot-a99063f-be6aaf0]
	at net.minecraft.server.v1_15_R1.MinecraftServer.ba(MinecraftServer.java:918) [spigot.jar:git-Spigot-a99063f-be6aaf0]
	at net.minecraft.server.v1_15_R1.MinecraftServer.executeNext(MinecraftServer.java:911) [spigot.jar:git-Spigot-a99063f-be6aaf0]
	at net.minecraft.server.v1_15_R1.IAsyncTaskHandler.awaitTasks(SourceFile:127) [spigot.jar:git-Spigot-a99063f-be6aaf0]
	at net.minecraft.server.v1_15_R1.MinecraftServer.sleepForTick(MinecraftServer.java:895) [spigot.jar:git-Spigot-a99063f-be6aaf0]
	at net.minecraft.server.v1_15_R1.MinecraftServer.run(MinecraftServer.java:828) [spigot.jar:git-Spigot-a99063f-be6aaf0]
	at java.lang.Thread.run(Thread.java:748) [?:1.8.0_252]
Caused by: java.lang.NullPointerException
	at io.github.jugbot.CrafterMinion$BlockListener.onPlayerInteract(CrafterMinion.java:39) ~[?:?]
	at sun.reflect.GeneratedMethodAccessor5.invoke(Unknown Source) ~[?:?]
	at sun.reflect.DelegatingMethodAccessorImpl.invoke(DelegatingMethodAccessorImpl.java:43) ~[?:1.8.0_252]
	at java.lang.reflect.Method.invoke(Method.java:498) ~[?:1.8.0_252]
	at org.bukkit.plugin.java.JavaPluginLoader$1.execute(JavaPluginLoader.java:315) ~[spigot.jar:git-Spigot-a99063f-be6aaf0]
	... 19 more
