[22:05:00] [Server thread/INFO]: Starting minecraft server version 1.15.2
[22:05:00] [Server thread/INFO]: Loading properties
[22:05:01] [Server thread/INFO]: This server is running CraftBukkit version git-Spigot-a99063f-be6aaf0 (MC: 1.15.2) (Implementing API version 1.15.2-R0.1-SNAPSHOT)
[22:05:01] [Server thread/INFO]: Debug logging is disabled
[22:05:01] [Server thread/INFO]: Using 4 threads for Netty based IO
[22:05:01] [Server thread/INFO]: Server Ping Player Sample Count: 12
[22:05:01] [Server thread/INFO]: Default game type: SURVIVAL
[22:05:01] [Server thread/INFO]: Generating keypair
[22:05:02] [Server thread/INFO]: Starting Minecraft server on *:25565
[22:05:02] [Server thread/INFO]: Using default channel type
[22:05:06] [Server thread/WARN]: Initializing Legacy Material Support. Unless you have legacy plugins and/or data this is a bug!
[22:05:11] [Server thread/WARN]: Legacy plugin JetsMinions v6.2.8 does not specify an api-version.
[22:05:11] [Server thread/INFO]: [JetsMinions] Loading JetsMinions v6.2.8
[22:05:11] [Server thread/INFO]: Preparing level "world"
[22:05:11] [Server thread/INFO]: Reloading ResourceManager: Default, bukkit
[22:05:12] [Server thread/INFO]: Loaded 6 recipes
[22:05:13] [Server thread/INFO]: -------- World Settings For [world] --------
[22:05:13] [Server thread/INFO]: View Distance: 10
[22:05:13] [Server thread/INFO]: Nerfing mobs spawned from spawners: false
[22:05:13] [Server thread/INFO]: Arrow Despawn Rate: 1200 Trident Respawn Rate:1200
[22:05:13] [Server thread/INFO]: Item Despawn Rate: 6000
[22:05:13] [Server thread/INFO]: Item Merge Radius: 2.5
[22:05:13] [Server thread/INFO]: Allow Zombie Pigmen to spawn from portal blocks: true
[22:05:13] [Server thread/INFO]: Mob Spawn Range: 6
[22:05:13] [Server thread/INFO]: Entity Activation Range: An 32 / Mo 32 / Ra 48 / Mi 16 / Tiv true
[22:05:13] [Server thread/INFO]: Entity Tracking Range: Pl 48 / An 48 / Mo 48 / Mi 32 / Other 64
[22:05:13] [Server thread/INFO]: Hopper Transfer: 8 Hopper Check: 1 Hopper Amount: 1
[22:05:13] [Server thread/INFO]: Experience Merge Radius: 3.0
[22:05:13] [Server thread/INFO]: Cactus Growth Modifier: 100%
[22:05:13] [Server thread/INFO]: Cane Growth Modifier: 100%
[22:05:13] [Server thread/INFO]: Melon Growth Modifier: 100%
[22:05:13] [Server thread/INFO]: Mushroom Growth Modifier: 100%
[22:05:13] [Server thread/INFO]: Pumpkin Growth Modifier: 100%
[22:05:13] [Server thread/INFO]: Sapling Growth Modifier: 100%
[22:05:13] [Server thread/INFO]: Beetroot Growth Modifier: 100%
[22:05:13] [Server thread/INFO]: Carrot Growth Modifier: 100%
[22:05:13] [Server thread/INFO]: Potato Growth Modifier: 100%
[22:05:13] [Server thread/INFO]: Wheat Growth Modifier: 100%
[22:05:13] [Server thread/INFO]: NetherWart Growth Modifier: 100%
[22:05:13] [Server thread/INFO]: Vine Growth Modifier: 100%
[22:05:13] [Server thread/INFO]: Cocoa Growth Modifier: 100%
[22:05:13] [Server thread/INFO]: Bamboo Growth Modifier: 100%
[22:05:13] [Server thread/INFO]: SweetBerry Growth Modifier: 100%
[22:05:13] [Server thread/INFO]: Kelp Growth Modifier: 100%
[22:05:13] [Server thread/INFO]: Tile Max Tick Time: 50ms Entity max Tick Time: 50ms
[22:05:13] [Server thread/INFO]: Max TNT Explosions: 100
[22:05:13] [Server thread/INFO]: Zombie Aggressive Towards Villager: true
[22:05:13] [Server thread/INFO]: Custom Map Seeds:  Village: 10387312 Desert: 14357617 Igloo: 14357618 Jungle: 14357619 Swamp: 14357620 Monument: 10387313 Ocean: 14357621 Shipwreck: 165745295 End City: 10387313 Slime: 987234911
[22:05:14] [Server thread/INFO]: -------- World Settings For [world_nether] --------
[22:05:14] [Server thread/INFO]: View Distance: 10
[22:05:14] [Server thread/INFO]: Nerfing mobs spawned from spawners: false
[22:05:14] [Server thread/INFO]: Arrow Despawn Rate: 1200 Trident Respawn Rate:1200
[22:05:14] [Server thread/INFO]: Item Despawn Rate: 6000
[22:05:14] [Server thread/INFO]: Item Merge Radius: 2.5
[22:05:14] [Server thread/INFO]: Allow Zombie Pigmen to spawn from portal blocks: true
[22:05:14] [Server thread/INFO]: Mob Spawn Range: 6
[22:05:14] [Server thread/INFO]: Entity Activation Range: An 32 / Mo 32 / Ra 48 / Mi 16 / Tiv true
[22:05:14] [Server thread/INFO]: Entity Tracking Range: Pl 48 / An 48 / Mo 48 / Mi 32 / Other 64
[22:05:14] [Server thread/INFO]: Hopper Transfer: 8 Hopper Check: 1 Hopper Amount: 1
[22:05:14] [Server thread/INFO]: Experience Merge Radius: 3.0
[22:05:14] [Server thread/INFO]: Cactus Growth Modifier: 100%
[22:05:14] [Server thread/INFO]: Cane Growth Modifier: 100%
[22:05:14] [Server thread/INFO]: Melon Growth Modifier: 100%
[22:05:14] [Server thread/INFO]: Mushroom Growth Modifier: 100%
[22:05:14] [Server thread/INFO]: Pumpkin Growth Modifier: 100%
[22:05:14] [Server thread/INFO]: Sapling Growth Modifier: 100%
[22:05:14] [Server thread/INFO]: Beetroot Growth Modifier: 100%
[22:05:14] [Server thread/INFO]: Carrot Growth Modifier: 100%
[22:05:14] [Server thread/INFO]: Potato Growth Modifier: 100%
[22:05:14] [Server thread/INFO]: Wheat Growth Modifier: 100%
[22:05:14] [Server thread/INFO]: NetherWart Growth Modifier: 100%
[22:05:14] [Server thread/INFO]: Vine Growth Modifier: 100%
[22:05:14] [Server thread/INFO]: Cocoa Growth Modifier: 100%
[22:05:14] [Server thread/INFO]: Bamboo Growth Modifier: 100%
[22:05:14] [Server thread/INFO]: SweetBerry Growth Modifier: 100%
[22:05:14] [Server thread/INFO]: Kelp Growth Modifier: 100%
[22:05:14] [Server thread/INFO]: Tile Max Tick Time: 50ms Entity max Tick Time: 50ms
[22:05:14] [Server thread/INFO]: Max TNT Explosions: 100
[22:05:14] [Server thread/INFO]: Zombie Aggressive Towards Villager: true
[22:05:14] [Server thread/INFO]: Custom Map Seeds:  Village: 10387312 Desert: 14357617 Igloo: 14357618 Jungle: 14357619 Swamp: 14357620 Monument: 10387313 Ocean: 14357621 Shipwreck: 165745295 End City: 10387313 Slime: 987234911
[22:05:14] [Server thread/INFO]: -------- World Settings For [world_the_end] --------
[22:05:14] [Server thread/INFO]: View Distance: 10
[22:05:14] [Server thread/INFO]: Nerfing mobs spawned from spawners: false
[22:05:14] [Server thread/INFO]: Arrow Despawn Rate: 1200 Trident Respawn Rate:1200
[22:05:14] [Server thread/INFO]: Item Despawn Rate: 6000
[22:05:14] [Server thread/INFO]: Item Merge Radius: 2.5
[22:05:14] [Server thread/INFO]: Allow Zombie Pigmen to spawn from portal blocks: true
[22:05:14] [Server thread/INFO]: Mob Spawn Range: 6
[22:05:14] [Server thread/INFO]: Entity Activation Range: An 32 / Mo 32 / Ra 48 / Mi 16 / Tiv true
[22:05:14] [Server thread/INFO]: Entity Tracking Range: Pl 48 / An 48 / Mo 48 / Mi 32 / Other 64
[22:05:14] [Server thread/INFO]: Hopper Transfer: 8 Hopper Check: 1 Hopper Amount: 1
[22:05:14] [Server thread/INFO]: Experience Merge Radius: 3.0
[22:05:14] [Server thread/INFO]: Cactus Growth Modifier: 100%
[22:05:14] [Server thread/INFO]: Cane Growth Modifier: 100%
[22:05:14] [Server thread/INFO]: Melon Growth Modifier: 100%
[22:05:14] [Server thread/INFO]: Mushroom Growth Modifier: 100%
[22:05:14] [Server thread/INFO]: Pumpkin Growth Modifier: 100%
[22:05:14] [Server thread/INFO]: Sapling Growth Modifier: 100%
[22:05:14] [Server thread/INFO]: Beetroot Growth Modifier: 100%
[22:05:14] [Server thread/INFO]: Carrot Growth Modifier: 100%
[22:05:14] [Server thread/INFO]: Potato Growth Modifier: 100%
[22:05:14] [Server thread/INFO]: Wheat Growth Modifier: 100%
[22:05:14] [Server thread/INFO]: NetherWart Growth Modifier: 100%
[22:05:14] [Server thread/INFO]: Vine Growth Modifier: 100%
[22:05:14] [Server thread/INFO]: Cocoa Growth Modifier: 100%
[22:05:14] [Server thread/INFO]: Bamboo Growth Modifier: 100%
[22:05:14] [Server thread/INFO]: SweetBerry Growth Modifier: 100%
[22:05:14] [Server thread/INFO]: Kelp Growth Modifier: 100%
[22:05:14] [Server thread/INFO]: Tile Max Tick Time: 50ms Entity max Tick Time: 50ms
[22:05:14] [Server thread/INFO]: Max TNT Explosions: 100
[22:05:14] [Server thread/INFO]: Zombie Aggressive Towards Villager: true
[22:05:14] [Server thread/INFO]: Custom Map Seeds:  Village: 10387312 Desert: 14357617 Igloo: 14357618 Jungle: 14357619 Swamp: 14357620 Monument: 10387313 Ocean: 14357621 Shipwreck: 165745295 End City: 10387313 Slime: 987234911
[22:05:14] [Server thread/INFO]: Preparing start region for dimension 'world'/minecraft:overworld
[22:05:16] [Server thread/INFO]: Preparing spawn area: 0%
[22:05:16] [Server thread/INFO]: Preparing spawn area: 0%
[22:05:16] [Server thread/INFO]: Preparing spawn area: 0%
[22:05:16] [Server thread/INFO]: Preparing spawn area: 0%
[22:05:16] [Server thread/INFO]: Preparing spawn area: 0%
[22:05:30] [Server-Worker-3/INFO]: Preparing spawn area: 0%
[22:05:30] [Server-Worker-3/INFO]: Preparing spawn area: 0%
[22:05:30] [Server-Worker-3/INFO]: Preparing spawn area: 0%
[22:05:30] [Server-Worker-3/INFO]: Preparing spawn area: 0%
[22:05:30] [Server-Worker-3/INFO]: Preparing spawn area: 0%
[22:05:30] [Server-Worker-3/INFO]: Preparing spawn area: 0%
[22:05:30] [Server-Worker-3/INFO]: Preparing spawn area: 0%
[22:05:30] [Server-Worker-3/INFO]: Preparing spawn area: 0%
[22:05:30] [Server-Worker-3/INFO]: Preparing spawn area: 0%
[22:05:30] [Server-Worker-3/INFO]: Preparing spawn area: 0%
[22:05:30] [Server-Worker-3/INFO]: Preparing spawn area: 0%
[22:05:30] [Server-Worker-3/INFO]: Preparing spawn area: 0%
[22:05:30] [Server-Worker-3/INFO]: Preparing spawn area: 0%
[22:05:30] [Server-Worker-3/INFO]: Preparing spawn area: 0%
[22:05:30] [Server-Worker-3/INFO]: Preparing spawn area: 0%
[22:05:30] [Server-Worker-3/INFO]: Preparing spawn area: 0%
[22:05:30] [Server-Worker-3/INFO]: Preparing spawn area: 0%
[22:05:30] [Server-Worker-3/INFO]: Preparing spawn area: 0%
[22:05:30] [Server-Worker-2/INFO]: Preparing spawn area: 0%
[22:05:30] [Server-Worker-2/INFO]: Preparing spawn area: 0%
[22:05:30] [Server-Worker-2/INFO]: Preparing spawn area: 0%
[22:05:30] [Server-Worker-2/INFO]: Preparing spawn area: 0%
[22:05:30] [Server-Worker-2/INFO]: Preparing spawn area: 0%
[22:05:30] [Server-Worker-2/INFO]: Preparing spawn area: 0%
[22:05:30] [Server-Worker-2/INFO]: Preparing spawn area: 0%
[22:05:30] [Server-Worker-2/INFO]: Preparing spawn area: 0%
[22:05:30] [Server thread/INFO]: Preparing spawn area: 0%
[22:05:31] [Server thread/INFO]: Preparing spawn area: 40%
[22:05:34] [Server-Worker-1/INFO]: Preparing spawn area: 87%
[22:05:34] [Server-Worker-1/INFO]: Preparing spawn area: 87%
[22:05:34] [Server-Worker-1/INFO]: Preparing spawn area: 87%
[22:05:34] [Server-Worker-1/INFO]: Preparing spawn area: 87%
[22:05:34] [Server-Worker-1/INFO]: Preparing spawn area: 87%
[22:05:34] [Server-Worker-1/INFO]: Preparing spawn area: 87%
[22:05:34] [Server-Worker-1/INFO]: Preparing spawn area: 87%
[22:05:34] [Server-Worker-3/INFO]: Preparing spawn area: 87%
[22:05:35] [Server-Worker-2/INFO]: Preparing spawn area: 87%
[22:05:35] [Server-Worker-1/INFO]: Preparing spawn area: 87%
[22:05:36] [Server-Worker-3/INFO]: Preparing spawn area: 87%
[22:05:36] [Server-Worker-2/INFO]: Preparing spawn area: 87%
[22:05:37] [Server-Worker-3/INFO]: Preparing spawn area: 87%
[22:05:37] [Server-Worker-3/INFO]: Preparing spawn area: 87%
[22:05:38] [Server-Worker-1/INFO]: Preparing spawn area: 89%
[22:05:38] [Server-Worker-2/INFO]: Preparing spawn area: 92%
[22:05:39] [Server-Worker-2/INFO]: Preparing spawn area: 95%
[22:05:39] [Server-Worker-2/INFO]: Preparing spawn area: 97%
[22:05:40] [Server thread/INFO]: Time elapsed: 25164 ms
[22:05:40] [Server thread/INFO]: Preparing start region for dimension 'world_nether'/minecraft:the_nether
[22:05:41] [Server thread/INFO]: Preparing spawn area: 0%
[22:05:41] [Server thread/INFO]: Preparing spawn area: 0%
[22:05:41] [Server thread/INFO]: Preparing spawn area: 0%
[22:05:41] [Server thread/INFO]: Preparing spawn area: 15%
[22:05:42] [Server-Worker-2/INFO]: Preparing spawn area: 83%
[22:05:42] [Server-Worker-3/INFO]: Preparing spawn area: 83%
[22:05:43] [Server-Worker-3/INFO]: Preparing spawn area: 83%
[22:05:43] [Server-Worker-1/INFO]: Preparing spawn area: 85%
[22:05:44] [Server-Worker-1/INFO]: Preparing spawn area: 90%
[22:05:44] [Server thread/INFO]: Time elapsed: 4290 ms
[22:05:44] [Server thread/INFO]: Preparing start region for dimension 'world_the_end'/minecraft:the_end
[22:05:44] [Server thread/INFO]: Preparing spawn area: 0%
[22:05:44] [Server thread/INFO]: Preparing spawn area: 0%
[22:05:45] [Server-Worker-1/INFO]: Preparing spawn area: 83%
[22:05:45] [Server-Worker-3/INFO]: Preparing spawn area: 96%
[22:05:45] [Server thread/INFO]: Time elapsed: 1543 ms
[22:05:45] [Server thread/INFO]: [JetsMinions] Enabling JetsMinions v6.2.8
[22:05:46] [Server thread/INFO]: [JetsMinions] Initialising Plugin.. 
[22:05:46] [Server thread/INFO]: [JetsMinions] hooks.yml found, loading!
[22:05:46] [Server thread/INFO]: [JetsMinions] skins.yml found, loading!
[22:05:46] [Server thread/INFO]: [JetsMinions] config.yml found, loading!
[22:05:46] [Server thread/INFO]: [JetsMinions] messages.yml found, loading!
[22:05:46] [Server thread/INFO]: [JetsMinions] controlpanel.yml found, loading!
[22:05:47] [Server thread/INFO]: [JetsMinions] players.yml found, loading!
[22:05:47] [Server thread/INFO]: [JetsMinions] store.yml found, loading!
[22:05:47] [Server thread/INFO]: [JetsMinions] Loaded Minion: Miner Made by Jet315
[22:05:47] [Server thread/INFO]: [JetsMinions] Loaded Minion: Slayer Made by Jet315
[22:05:47] [Server thread/INFO]: [JetsMinions] Loaded Minion: Collector Made by Jet315
[22:05:47] [Server thread/INFO]: [JetsMinions] Loaded Minion: Feeder Made by Jet315
[22:05:47] [Server thread/INFO]: [JetsMinions] Loaded Minion: Lumberjack Made by Jet315
[22:05:47] [Server thread/INFO]: [JetsMinions] Loaded Minion: Farmer Made by Jet315
[22:05:47] [Server thread/INFO]: [JetsMinions] Loaded Minion: Fisher Made by Jet315
[22:05:47] [Server thread/INFO]: [JetsMinions] Loaded Minion: Seller Made by Jet315
[22:05:47] [Server thread/INFO]: [JetsMinions] Loaded Minion: Crafter Made by Jugbot
[22:05:47] [Server thread/INFO]: [JetsMinions] Initialising Complete in 1490ms
[22:05:47] [Server thread/INFO]: Server permissions file permissions.yml is empty, ignoring it
[22:05:47] [Server thread/INFO]: Done (36.219s)! For help, type "help"
[22:05:48] [User Authenticator #1/INFO]: UUID of player Jugbot is c544b743-140c-4825-b63f-b353566ffc53
[22:05:49] [Server thread/INFO]: Jugbot[/127.0.0.1:52215] logged in with entity id 219 at ([world]-236.6049787742918, 72.12811468616465, -114.3506704892135)
[22:06:27] [Server thread/INFO]: Jugbot issued server command: /minions give Jugbot Crafter 64
[22:06:31] [Server thread/ERROR]: Could not pass event PlayerInteractEvent to JetsMinions v6.2.8
org.bukkit.event.EventException: null
	at org.bukkit.plugin.java.JavaPluginLoader$1.execute(JavaPluginLoader.java:319) ~[spigot.jar:git-Spigot-a99063f-be6aaf0]
	at org.bukkit.plugin.RegisteredListener.callEvent(RegisteredListener.java:70) ~[spigot.jar:git-Spigot-a99063f-be6aaf0]
	at org.bukkit.plugin.SimplePluginManager.fireEvent(SimplePluginManager.java:589) ~[spigot.jar:git-Spigot-a99063f-be6aaf0]
	at org.bukkit.plugin.SimplePluginManager.callEvent(SimplePluginManager.java:576) ~[spigot.jar:git-Spigot-a99063f-be6aaf0]
	at org.bukkit.craftbukkit.v1_15_R1.event.CraftEventFactory.callPlayerInteractEvent(CraftEventFactory.java:450) ~[spigot.jar:git-Spigot-a99063f-be6aaf0]
	at net.minecraft.server.v1_15_R1.PlayerInteractManager.a(PlayerInteractManager.java:441) ~[spigot.jar:git-Spigot-a99063f-be6aaf0]
	at net.minecraft.server.v1_15_R1.PlayerConnection.a(PlayerConnection.java:1251) ~[spigot.jar:git-Spigot-a99063f-be6aaf0]
	at net.minecraft.server.v1_15_R1.PacketPlayInUseItem.a(PacketPlayInUseItem.java:27) ~[spigot.jar:git-Spigot-a99063f-be6aaf0]
	at net.minecraft.server.v1_15_R1.PacketPlayInUseItem.a(PacketPlayInUseItem.java:1) ~[spigot.jar:git-Spigot-a99063f-be6aaf0]
	at net.minecraft.server.v1_15_R1.PlayerConnectionUtils.lambda$0(PlayerConnectionUtils.java:19) ~[spigot.jar:git-Spigot-a99063f-be6aaf0]
	at net.minecraft.server.v1_15_R1.TickTask.run(SourceFile:18) [spigot.jar:git-Spigot-a99063f-be6aaf0]
	at net.minecraft.server.v1_15_R1.IAsyncTaskHandler.executeTask(SourceFile:144) [spigot.jar:git-Spigot-a99063f-be6aaf0]
	at net.minecraft.server.v1_15_R1.IAsyncTaskHandlerReentrant.executeTask(SourceFile:23) [spigot.jar:git-Spigot-a99063f-be6aaf0]
	at net.minecraft.server.v1_15_R1.IAsyncTaskHandler.executeNext(SourceFile:118) [spigot.jar:git-Spigot-a99063f-be6aaf0]
	at net.minecraft.server.v1_15_R1.MinecraftServer.ba(MinecraftServer.java:918) [spigot.jar:git-Spigot-a99063f-be6aaf0]
	at net.minecraft.server.v1_15_R1.MinecraftServer.executeNext(MinecraftServer.java:911) [spigot.jar:git-Spigot-a99063f-be6aaf0]
	at net.minecraft.server.v1_15_R1.IAsyncTaskHandler.executeAll(SourceFile:103) [spigot.jar:git-Spigot-a99063f-be6aaf0]
	at net.minecraft.server.v1_15_R1.MinecraftServer.sleepForTick(MinecraftServer.java:894) [spigot.jar:git-Spigot-a99063f-be6aaf0]
	at net.minecraft.server.v1_15_R1.MinecraftServer.run(MinecraftServer.java:828) [spigot.jar:git-Spigot-a99063f-be6aaf0]
	at java.lang.Thread.run(Thread.java:748) [?:1.8.0_252]
Caused by: java.lang.NullPointerException
	at me.jet315.minions.minions.Minion.onFirstSpawn(Minion.java:315) ~[?:?]
	at io.github.jugbot.CrafterMinion.onFirstSpawn(CrafterMinion.java:81) ~[?:?]
	at me.jet315.minions.listeners.MinionPlaceListener.onMinionPlace(MinionPlaceListener.java:193) ~[?:?]
	at sun.reflect.NativeMethodAccessorImpl.invoke0(Native Method) ~[?:1.8.0_252]
	at sun.reflect.NativeMethodAccessorImpl.invoke(NativeMethodAccessorImpl.java:62) ~[?:1.8.0_252]
	at sun.reflect.DelegatingMethodAccessorImpl.invoke(DelegatingMethodAccessorImpl.java:43) ~[?:1.8.0_252]
	at java.lang.reflect.Method.invoke(Method.java:498) ~[?:1.8.0_252]
	at org.bukkit.plugin.java.JavaPluginLoader$1.execute(JavaPluginLoader.java:315) ~[spigot.jar:git-Spigot-a99063f-be6aaf0]
	... 19 more
[22:07:52] [Server thread/ERROR]: Could not pass event PlayerInteractEvent to JetsMinions v6.2.8
org.bukkit.event.EventException: null
	at org.bukkit.plugin.java.JavaPluginLoader$1.execute(JavaPluginLoader.java:319) ~[spigot.jar:git-Spigot-a99063f-be6aaf0]
	at org.bukkit.plugin.RegisteredListener.callEvent(RegisteredListener.java:70) ~[spigot.jar:git-Spigot-a99063f-be6aaf0]
	at org.bukkit.plugin.SimplePluginManager.fireEvent(SimplePluginManager.java:589) ~[spigot.jar:git-Spigot-a99063f-be6aaf0]
	at org.bukkit.plugin.SimplePluginManager.callEvent(SimplePluginManager.java:576) ~[spigot.jar:git-Spigot-a99063f-be6aaf0]
	at org.bukkit.craftbukkit.v1_15_R1.event.CraftEventFactory.callPlayerInteractEvent(CraftEventFactory.java:450) ~[spigot.jar:git-Spigot-a99063f-be6aaf0]
	at net.minecraft.server.v1_15_R1.PlayerInteractManager.a(PlayerInteractManager.java:441) ~[spigot.jar:git-Spigot-a99063f-be6aaf0]
	at net.minecraft.server.v1_15_R1.PlayerConnection.a(PlayerConnection.java:1251) ~[spigot.jar:git-Spigot-a99063f-be6aaf0]
	at net.minecraft.server.v1_15_R1.PacketPlayInUseItem.a(PacketPlayInUseItem.java:27) ~[spigot.jar:git-Spigot-a99063f-be6aaf0]
	at net.minecraft.server.v1_15_R1.PacketPlayInUseItem.a(PacketPlayInUseItem.java:1) ~[spigot.jar:git-Spigot-a99063f-be6aaf0]
	at net.minecraft.server.v1_15_R1.PlayerConnectionUtils.lambda$0(PlayerConnectionUtils.java:19) ~[spigot.jar:git-Spigot-a99063f-be6aaf0]
	at net.minecraft.server.v1_15_R1.TickTask.run(SourceFile:18) [spigot.jar:git-Spigot-a99063f-be6aaf0]
	at net.minecraft.server.v1_15_R1.IAsyncTaskHandler.executeTask(SourceFile:144) [spigot.jar:git-Spigot-a99063f-be6aaf0]
	at net.minecraft.server.v1_15_R1.IAsyncTaskHandlerReentrant.executeTask(SourceFile:23) [spigot.jar:git-Spigot-a99063f-be6aaf0]
	at net.minecraft.server.v1_15_R1.IAsyncTaskHandler.executeNext(SourceFile:118) [spigot.jar:git-Spigot-a99063f-be6aaf0]
	at net.minecraft.server.v1_15_R1.MinecraftServer.ba(MinecraftServer.java:918) [spigot.jar:git-Spigot-a99063f-be6aaf0]
	at net.minecraft.server.v1_15_R1.MinecraftServer.executeNext(MinecraftServer.java:911) [spigot.jar:git-Spigot-a99063f-be6aaf0]
	at net.minecraft.server.v1_15_R1.IAsyncTaskHandler.awaitTasks(SourceFile:127) [spigot.jar:git-Spigot-a99063f-be6aaf0]
	at net.minecraft.server.v1_15_R1.MinecraftServer.sleepForTick(MinecraftServer.java:895) [spigot.jar:git-Spigot-a99063f-be6aaf0]
	at net.minecraft.server.v1_15_R1.MinecraftServer.run(MinecraftServer.java:828) [spigot.jar:git-Spigot-a99063f-be6aaf0]
	at java.lang.Thread.run(Thread.java:748) [?:1.8.0_252]
Caused by: java.lang.NullPointerException
	at me.jet315.minions.minions.Minion.onFirstSpawn(Minion.java:315) ~[?:?]
	at io.github.jugbot.CrafterMinion.onFirstSpawn(CrafterMinion.java:81) ~[?:?]
	at me.jet315.minions.listeners.MinionPlaceListener.onMinionPlace(MinionPlaceListener.java:193) ~[?:?]
	at sun.reflect.NativeMethodAccessorImpl.invoke0(Native Method) ~[?:1.8.0_252]
	at sun.reflect.NativeMethodAccessorImpl.invoke(NativeMethodAccessorImpl.java:62) ~[?:1.8.0_252]
	at sun.reflect.DelegatingMethodAccessorImpl.invoke(DelegatingMethodAccessorImpl.java:43) ~[?:1.8.0_252]
	at java.lang.reflect.Method.invoke(Method.java:498) ~[?:1.8.0_252]
	at org.bukkit.plugin.java.JavaPluginLoader$1.execute(JavaPluginLoader.java:315) ~[spigot.jar:git-Spigot-a99063f-be6aaf0]
	... 19 more
[22:10:33] [Server thread/INFO]: Jugbot lost connection: Disconnected
[22:10:33] [Server thread/INFO]: Jugbot left the game
