[21:59:07] [main/INFO]: Environment: authHost='https://authserver.mojang.com', accountsHost='https://api.mojang.com', sessionHost='https://sessionserver.mojang.com', name='PROD'
[21:59:08] [main/INFO]: Reloading ResourceManager: Default, bukkit
[21:59:10] [Worker-Main-4/INFO]: Loaded 7 recipes
[21:59:12] [Server thread/INFO]: Starting minecraft server version 1.16.1
[21:59:12] [Server thread/INFO]: Loading properties
[21:59:13] [Server thread/INFO]: This server is running CraftBukkit version git-Spigot-9639cf7-8fb6585 (MC: 1.16.1) (Implementing API version 1.16.1-R0.1-SNAPSHOT)
[21:59:13] [Server thread/INFO]: Debug logging is disabled
[21:59:13] [Server thread/INFO]: Server Ping Player Sample Count: 12
[21:59:13] [Server thread/INFO]: Using 4 threads for Netty based IO
[21:59:13] [Server thread/INFO]: Default game type: SURVIVAL
[21:59:13] [Server thread/INFO]: Generating keypair
[21:59:14] [Server thread/INFO]: Starting Minecraft server on *:25565
[21:59:14] [Server thread/INFO]: Using default channel type
[21:59:18] [Server thread/INFO]: [Gravity] Loading Gravity v1.0
[21:59:18] [Server thread/WARN]: **** SERVER IS RUNNING IN OFFLINE/INSECURE MODE!
[21:59:18] [Server thread/WARN]: The server will make no attempt to authenticate usernames. Beware.
[21:59:18] [Server thread/WARN]: While this makes the game possible to play without internet access, it also opens up the ability for hackers to connect with any username they choose.
[21:59:18] [Server thread/WARN]: To change this, set "online-mode" to "true" in the server.properties file.
[21:59:18] [Server thread/INFO]: Preparing level "world"
[21:59:18] [Server thread/INFO]: -------- World Settings For [world] --------
[21:59:18] [Server thread/INFO]: Entity Tracking Range: Pl 48 / An 48 / Mo 48 / Mi 32 / Other 64
[21:59:18] [Server thread/INFO]: Nerfing mobs spawned from spawners: false
[21:59:18] [Server thread/INFO]: Item Despawn Rate: 6000
[21:59:18] [Server thread/INFO]: Item Merge Radius: 2.5
[21:59:18] [Server thread/INFO]: View Distance: 10
[21:59:18] [Server thread/INFO]: Allow Zombie Pigmen to spawn from portal blocks: true
[21:59:18] [Server thread/INFO]: Cactus Growth Modifier: 100%
[21:59:18] [Server thread/INFO]: Cane Growth Modifier: 100%
[21:59:18] [Server thread/INFO]: Melon Growth Modifier: 100%
[21:59:18] [Server thread/INFO]: Mushroom Growth Modifier: 100%
[21:59:18] [Server thread/INFO]: Pumpkin Growth Modifier: 100%
[21:59:18] [Server thread/INFO]: Sapling Growth Modifier: 100%
[21:59:18] [Server thread/INFO]: Beetroot Growth Modifier: 100%
[21:59:18] [Server thread/INFO]: Carrot Growth Modifier: 100%
[21:59:18] [Server thread/INFO]: Potato Growth Modifier: 100%
[21:59:18] [Server thread/INFO]: Wheat Growth Modifier: 100%
[21:59:18] [Server thread/INFO]: NetherWart Growth Modifier: 100%
[21:59:18] [Server thread/INFO]: Vine Growth Modifier: 100%
[21:59:18] [Server thread/INFO]: Cocoa Growth Modifier: 100%
[21:59:18] [Server thread/INFO]: Bamboo Growth Modifier: 100%
[21:59:18] [Server thread/INFO]: SweetBerry Growth Modifier: 100%
[21:59:18] [Server thread/INFO]: Kelp Growth Modifier: 100%
[21:59:18] [Server thread/INFO]: Experience Merge Radius: 3.0
[21:59:18] [Server thread/INFO]: Entity Activation Range: An 32 / Mo 32 / Ra 48 / Mi 16 / Tiv true
[21:59:18] [Server thread/INFO]: Mob Spawn Range: 6
[21:59:18] [Server thread/INFO]: Hopper Transfer: 8 Hopper Check: 1 Hopper Amount: 1
[21:59:18] [Server thread/INFO]: Tile Max Tick Time: 50ms Entity max Tick Time: 50ms
[21:59:18] [Server thread/INFO]: Max TNT Explosions: 100
[21:59:18] [Server thread/INFO]: Zombie Aggressive Towards Villager: true
[21:59:18] [Server thread/INFO]: Custom Map Seeds:  Village: 10387312 Desert: 14357617 Igloo: 14357618 Jungle: 14357619 Swamp: 14357620 Monument: 10387313 Ocean: 14357621 Shipwreck: 165745295 End City: 10387313 Slime: 987234911 Bastion: 30084232 Fortress: 30084232 Mansion: 10387319 Fossil: 14357921 Portal: 34222645
[21:59:18] [Server thread/INFO]: Arrow Despawn Rate: 1200 Trident Respawn Rate:1200
[21:59:19] [Server thread/INFO]: -------- World Settings For [world_nether] --------
[21:59:19] [Server thread/INFO]: Entity Tracking Range: Pl 48 / An 48 / Mo 48 / Mi 32 / Other 64
[21:59:19] [Server thread/INFO]: Nerfing mobs spawned from spawners: false
[21:59:19] [Server thread/INFO]: Item Despawn Rate: 6000
[21:59:19] [Server thread/INFO]: Item Merge Radius: 2.5
[21:59:19] [Server thread/INFO]: View Distance: 10
[21:59:19] [Server thread/INFO]: Allow Zombie Pigmen to spawn from portal blocks: true
[21:59:19] [Server thread/INFO]: Cactus Growth Modifier: 100%
[21:59:19] [Server thread/INFO]: Cane Growth Modifier: 100%
[21:59:19] [Server thread/INFO]: Melon Growth Modifier: 100%
[21:59:19] [Server thread/INFO]: Mushroom Growth Modifier: 100%
[21:59:19] [Server thread/INFO]: Pumpkin Growth Modifier: 100%
[21:59:19] [Server thread/INFO]: Sapling Growth Modifier: 100%
[21:59:19] [Server thread/INFO]: Beetroot Growth Modifier: 100%
[21:59:19] [Server thread/INFO]: Carrot Growth Modifier: 100%
[21:59:19] [Server thread/INFO]: Potato Growth Modifier: 100%
[21:59:19] [Server thread/INFO]: Wheat Growth Modifier: 100%
[21:59:19] [Server thread/INFO]: NetherWart Growth Modifier: 100%
[21:59:19] [Server thread/INFO]: Vine Growth Modifier: 100%
[21:59:19] [Server thread/INFO]: Cocoa Growth Modifier: 100%
[21:59:19] [Server thread/INFO]: Bamboo Growth Modifier: 100%
[21:59:19] [Server thread/INFO]: SweetBerry Growth Modifier: 100%
[21:59:19] [Server thread/INFO]: Kelp Growth Modifier: 100%
[21:59:19] [Server thread/INFO]: Experience Merge Radius: 3.0
[21:59:19] [Server thread/INFO]: Entity Activation Range: An 32 / Mo 32 / Ra 48 / Mi 16 / Tiv true
[21:59:19] [Server thread/INFO]: Mob Spawn Range: 6
[21:59:19] [Server thread/INFO]: Hopper Transfer: 8 Hopper Check: 1 Hopper Amount: 1
[21:59:19] [Server thread/INFO]: Tile Max Tick Time: 50ms Entity max Tick Time: 50ms
[21:59:19] [Server thread/INFO]: Max TNT Explosions: 100
[21:59:19] [Server thread/INFO]: Zombie Aggressive Towards Villager: true
[21:59:19] [Server thread/INFO]: Custom Map Seeds:  Village: 10387312 Desert: 14357617 Igloo: 14357618 Jungle: 14357619 Swamp: 14357620 Monument: 10387313 Ocean: 14357621 Shipwreck: 165745295 End City: 10387313 Slime: 987234911 Bastion: 30084232 Fortress: 30084232 Mansion: 10387319 Fossil: 14357921 Portal: 34222645
[21:59:19] [Server thread/INFO]: Arrow Despawn Rate: 1200 Trident Respawn Rate:1200
[21:59:19] [Server thread/INFO]: -------- World Settings For [world_the_end] --------
[21:59:19] [Server thread/INFO]: Entity Tracking Range: Pl 48 / An 48 / Mo 48 / Mi 32 / Other 64
[21:59:19] [Server thread/INFO]: Nerfing mobs spawned from spawners: false
[21:59:19] [Server thread/INFO]: Item Despawn Rate: 6000
[21:59:19] [Server thread/INFO]: Item Merge Radius: 2.5
[21:59:19] [Server thread/INFO]: View Distance: 10
[21:59:19] [Server thread/INFO]: Allow Zombie Pigmen to spawn from portal blocks: true
[21:59:19] [Server thread/INFO]: Cactus Growth Modifier: 100%
[21:59:19] [Server thread/INFO]: Cane Growth Modifier: 100%
[21:59:19] [Server thread/INFO]: Melon Growth Modifier: 100%
[21:59:19] [Server thread/INFO]: Mushroom Growth Modifier: 100%
[21:59:19] [Server thread/INFO]: Pumpkin Growth Modifier: 100%
[21:59:19] [Server thread/INFO]: Sapling Growth Modifier: 100%
[21:59:19] [Server thread/INFO]: Beetroot Growth Modifier: 100%
[21:59:19] [Server thread/INFO]: Carrot Growth Modifier: 100%
[21:59:19] [Server thread/INFO]: Potato Growth Modifier: 100%
[21:59:19] [Server thread/INFO]: Wheat Growth Modifier: 100%
[21:59:19] [Server thread/INFO]: NetherWart Growth Modifier: 100%
[21:59:19] [Server thread/INFO]: Vine Growth Modifier: 100%
[21:59:19] [Server thread/INFO]: Cocoa Growth Modifier: 100%
[21:59:19] [Server thread/INFO]: Bamboo Growth Modifier: 100%
[21:59:19] [Server thread/INFO]: SweetBerry Growth Modifier: 100%
[21:59:19] [Server thread/INFO]: Kelp Growth Modifier: 100%
[21:59:19] [Server thread/INFO]: Experience Merge Radius: 3.0
[21:59:19] [Server thread/INFO]: Entity Activation Range: An 32 / Mo 32 / Ra 48 / Mi 16 / Tiv true
[21:59:19] [Server thread/INFO]: Mob Spawn Range: 6
[21:59:19] [Server thread/INFO]: Hopper Transfer: 8 Hopper Check: 1 Hopper Amount: 1
[21:59:19] [Server thread/INFO]: Tile Max Tick Time: 50ms Entity max Tick Time: 50ms
[21:59:19] [Server thread/INFO]: Max TNT Explosions: 100
[21:59:19] [Server thread/INFO]: Zombie Aggressive Towards Villager: true
[21:59:19] [Server thread/INFO]: Custom Map Seeds:  Village: 10387312 Desert: 14357617 Igloo: 14357618 Jungle: 14357619 Swamp: 14357620 Monument: 10387313 Ocean: 14357621 Shipwreck: 165745295 End City: 10387313 Slime: 987234911 Bastion: 30084232 Fortress: 30084232 Mansion: 10387319 Fossil: 14357921 Portal: 34222645
[21:59:19] [Server thread/INFO]: Arrow Despawn Rate: 1200 Trident Respawn Rate:1200
[21:59:19] [Server thread/INFO]: Preparing start region for dimension minecraft:overworld
[21:59:21] [Server thread/INFO]: Preparing spawn area: 0%
[21:59:21] [Server thread/INFO]: Preparing spawn area: 0%
[21:59:21] [Server thread/INFO]: Preparing spawn area: 0%
[21:59:21] [Server thread/INFO]: Preparing spawn area: 0%
[21:59:21] [Server thread/INFO]: Preparing spawn area: 0%
[21:59:22] [Server thread/INFO]: Preparing spawn area: 0%
[21:59:22] [Server thread/INFO]: Preparing spawn area: 0%
[21:59:29] [Worker-Main-5/INFO]: Preparing spawn area: 83%
[21:59:29] [Worker-Main-7/INFO]: Preparing spawn area: 83%
[21:59:29] [Worker-Main-7/INFO]: Preparing spawn area: 83%
[21:59:29] [Worker-Main-7/INFO]: Preparing spawn area: 83%
[21:59:29] [Worker-Main-7/INFO]: Preparing spawn area: 83%
[21:59:29] [Worker-Main-7/INFO]: Preparing spawn area: 83%
[21:59:29] [Worker-Main-7/INFO]: Preparing spawn area: 83%
[21:59:29] [Worker-Main-7/INFO]: Preparing spawn area: 83%
[21:59:29] [Worker-Main-7/INFO]: Preparing spawn area: 83%
[21:59:29] [Worker-Main-7/INFO]: Preparing spawn area: 83%
[21:59:29] [Worker-Main-7/INFO]: Preparing spawn area: 83%
[21:59:29] [Worker-Main-7/INFO]: Preparing spawn area: 83%
[21:59:29] [Worker-Main-7/INFO]: Preparing spawn area: 83%
[21:59:29] [Worker-Main-7/INFO]: Preparing spawn area: 83%
[21:59:29] [Worker-Main-7/INFO]: Preparing spawn area: 99%
[21:59:30] [Worker-Main-7/INFO]: Preparing spawn area: 99%
[21:59:30] [Worker-Main-8/INFO]: Preparing spawn area: 99%
[21:59:31] [Server thread/INFO]: Time elapsed: 11700 ms
[21:59:31] [Server thread/INFO]: Preparing start region for dimension minecraft:the_nether
[21:59:32] [Server thread/INFO]: Preparing spawn area: 0%
[21:59:32] [Server thread/INFO]: Preparing spawn area: 0%
[21:59:32] [Server thread/INFO]: Preparing spawn area: 0%
[21:59:32] [Server thread/INFO]: Preparing spawn area: 0%
[21:59:33] [Worker-Main-8/INFO]: Preparing spawn area: 83%
[21:59:33] [Worker-Main-7/INFO]: Preparing spawn area: 83%
[21:59:34] [Worker-Main-8/INFO]: Preparing spawn area: 83%
[21:59:34] [Worker-Main-7/INFO]: Preparing spawn area: 83%
[21:59:35] [Worker-Main-8/INFO]: Preparing spawn area: 83%
[21:59:35] [Worker-Main-8/INFO]: Preparing spawn area: 83%
[21:59:36] [Worker-Main-7/INFO]: Preparing spawn area: 83%
[21:59:36] [Worker-Main-7/INFO]: Preparing spawn area: 83%
[21:59:37] [Worker-Main-8/INFO]: Preparing spawn area: 83%
[21:59:37] [Worker-Main-5/INFO]: Preparing spawn area: 83%
[21:59:38] [Worker-Main-8/INFO]: Preparing spawn area: 84%
[21:59:38] [Worker-Main-7/INFO]: Preparing spawn area: 91%
[21:59:39] [Worker-Main-8/INFO]: Preparing spawn area: 96%
[21:59:39] [Worker-Main-8/INFO]: Preparing spawn area: 99%
[21:59:39] [Server thread/INFO]: Time elapsed: 8564 ms
[21:59:39] [Server thread/INFO]: Preparing start region for dimension minecraft:the_end
[21:59:40] [Server thread/INFO]: Preparing spawn area: 0%
[21:59:40] [Server thread/INFO]: Preparing spawn area: 0%
[21:59:40] [Worker-Main-8/INFO]: Preparing spawn area: 83%
[21:59:41] [Worker-Main-7/INFO]: Preparing spawn area: 91%
[21:59:41] [Server thread/INFO]: Time elapsed: 1641 ms
[21:59:41] [Server thread/INFO]: [Gravity] Enabling Gravity v1.0
[21:59:41] [Server thread/INFO]: [Gravity] God turned on gravity!
[21:59:41] [Server thread/INFO]: Server permissions file permissions.yml is empty, ignoring it
[21:59:41] [Server thread/INFO]: Done (22.506s)! For help, type "help"
[22:01:26] [User Authenticator #1/INFO]: UUID of player Jugbot is 2164d11d-b199-33d0-b8ac-3fb2b07ab2b4
[22:01:26] [Server thread/INFO]: Jugbot[/127.0.0.1:51155] logged in with entity id 193 at ([world]-205.77014669786075, 69.75442394455374, -121.94148638908398)
[22:02:23] [Server thread/INFO]: Block Place Event
[22:02:23] [Server thread/ERROR]: Could not pass event BlockChangeEvent to Gravity v1.0
org.bukkit.event.EventException: null
	at org.bukkit.plugin.java.JavaPluginLoader$1.execute(JavaPluginLoader.java:319) ~[spigot.jar:git-Spigot-9639cf7-8fb6585]
	at org.bukkit.plugin.RegisteredListener.callEvent(RegisteredListener.java:70) ~[spigot.jar:git-Spigot-9639cf7-8fb6585]
	at org.bukkit.plugin.SimplePluginManager.fireEvent(SimplePluginManager.java:589) ~[spigot.jar:git-Spigot-9639cf7-8fb6585]
	at org.bukkit.plugin.SimplePluginManager.callEvent(SimplePluginManager.java:576) ~[spigot.jar:git-Spigot-9639cf7-8fb6585]
	at io.github.jugbot.BlockEventListeners.onBlockPlace(BlockEventListeners.java:22) ~[?:?]
	at sun.reflect.NativeMethodAccessorImpl.invoke0(Native Method) ~[?:1.8.0_252]
	at sun.reflect.NativeMethodAccessorImpl.invoke(NativeMethodAccessorImpl.java:62) ~[?:1.8.0_252]
	at sun.reflect.DelegatingMethodAccessorImpl.invoke(DelegatingMethodAccessorImpl.java:43) ~[?:1.8.0_252]
	at java.lang.reflect.Method.invoke(Method.java:498) ~[?:1.8.0_252]
	at org.bukkit.plugin.java.JavaPluginLoader$1.execute(JavaPluginLoader.java:315) ~[spigot.jar:git-Spigot-9639cf7-8fb6585]
	at org.bukkit.plugin.RegisteredListener.callEvent(RegisteredListener.java:70) ~[spigot.jar:git-Spigot-9639cf7-8fb6585]
	at org.bukkit.plugin.SimplePluginManager.fireEvent(SimplePluginManager.java:589) ~[spigot.jar:git-Spigot-9639cf7-8fb6585]
	at org.bukkit.plugin.SimplePluginManager.callEvent(SimplePluginManager.java:576) ~[spigot.jar:git-Spigot-9639cf7-8fb6585]
	at org.bukkit.craftbukkit.v1_16_R1.event.CraftEventFactory.callBlockPlaceEvent(CraftEventFactory.java:367) ~[spigot.jar:git-Spigot-9639cf7-8fb6585]
	at net.minecraft.server.v1_16_R1.ItemStack.placeItem(ItemStack.java:220) ~[spigot.jar:git-Spigot-9639cf7-8fb6585]
	at net.minecraft.server.v1_16_R1.PlayerInteractManager.a(PlayerInteractManager.java:488) ~[spigot.jar:git-Spigot-9639cf7-8fb6585]
	at net.minecraft.server.v1_16_R1.PlayerConnection.a(PlayerConnection.java:1284) ~[spigot.jar:git-Spigot-9639cf7-8fb6585]
	at net.minecraft.server.v1_16_R1.PacketPlayInUseItem.a(PacketPlayInUseItem.java:27) ~[spigot.jar:git-Spigot-9639cf7-8fb6585]
	at net.minecraft.server.v1_16_R1.PacketPlayInUseItem.a(PacketPlayInUseItem.java:1) ~[spigot.jar:git-Spigot-9639cf7-8fb6585]
	at net.minecraft.server.v1_16_R1.PlayerConnectionUtils.lambda$0(PlayerConnectionUtils.java:19) ~[spigot.jar:git-Spigot-9639cf7-8fb6585]
	at net.minecraft.server.v1_16_R1.TickTask.run(SourceFile:18) ~[spigot.jar:git-Spigot-9639cf7-8fb6585]
	at net.minecraft.server.v1_16_R1.IAsyncTaskHandler.executeTask(SourceFile:144) ~[spigot.jar:git-Spigot-9639cf7-8fb6585]
	at net.minecraft.server.v1_16_R1.IAsyncTaskHandlerReentrant.executeTask(SourceFile:23) ~[spigot.jar:git-Spigot-9639cf7-8fb6585]
	at net.minecraft.server.v1_16_R1.IAsyncTaskHandler.executeNext(SourceFile:118) ~[spigot.jar:git-Spigot-9639cf7-8fb6585]
	at net.minecraft.server.v1_16_R1.MinecraftServer.aZ(MinecraftServer.java:943) ~[spigot.jar:git-Spigot-9639cf7-8fb6585]
	at net.minecraft.server.v1_16_R1.MinecraftServer.executeNext(MinecraftServer.java:936) ~[spigot.jar:git-Spigot-9639cf7-8fb6585]
	at net.minecraft.server.v1_16_R1.IAsyncTaskHandler.awaitTasks(SourceFile:127) ~[spigot.jar:git-Spigot-9639cf7-8fb6585]
	at net.minecraft.server.v1_16_R1.MinecraftServer.sleepForTick(MinecraftServer.java:920) ~[spigot.jar:git-Spigot-9639cf7-8fb6585]
	at net.minecraft.server.v1_16_R1.MinecraftServer.v(MinecraftServer.java:852) ~[spigot.jar:git-Spigot-9639cf7-8fb6585]
	at net.minecraft.server.v1_16_R1.MinecraftServer.lambda$0(MinecraftServer.java:164) ~[spigot.jar:git-Spigot-9639cf7-8fb6585]
	at java.lang.Thread.run(Thread.java:748) [?:1.8.0_252]
Caused by: java.lang.ClassCastException: org.bukkit.craftbukkit.v1_16_R1.block.impl.CraftRotatable cannot be cast to org.bukkit.block.data.Directional
	at io.github.jugbot.StructuralIntegrityChunk.getStructuralData(StructuralIntegrityChunk.java:148) ~[?:?]
	at io.github.jugbot.StructuralIntegrityChunk.<init>(StructuralIntegrityChunk.java:54) ~[?:?]
	at io.github.jugbot.ChunkPreparer.onBlockChange(ChunkPreparer.java:41) ~[?:?]
	at sun.reflect.NativeMethodAccessorImpl.invoke0(Native Method) ~[?:1.8.0_252]
	at sun.reflect.NativeMethodAccessorImpl.invoke(NativeMethodAccessorImpl.java:62) ~[?:1.8.0_252]
	at sun.reflect.DelegatingMethodAccessorImpl.invoke(DelegatingMethodAccessorImpl.java:43) ~[?:1.8.0_252]
	at java.lang.reflect.Method.invoke(Method.java:498) ~[?:1.8.0_252]
	at org.bukkit.plugin.java.JavaPluginLoader$1.execute(JavaPluginLoader.java:315) ~[spigot.jar:git-Spigot-9639cf7-8fb6585]
	... 30 more
[22:02:30] [Server thread/INFO]: Block Break Event
[22:02:30] [Server thread/ERROR]: Could not pass event BlockChangeEvent to Gravity v1.0
org.bukkit.event.EventException: null
	at org.bukkit.plugin.java.JavaPluginLoader$1.execute(JavaPluginLoader.java:319) ~[spigot.jar:git-Spigot-9639cf7-8fb6585]
	at org.bukkit.plugin.RegisteredListener.callEvent(RegisteredListener.java:70) ~[spigot.jar:git-Spigot-9639cf7-8fb6585]
	at org.bukkit.plugin.SimplePluginManager.fireEvent(SimplePluginManager.java:589) ~[spigot.jar:git-Spigot-9639cf7-8fb6585]
	at org.bukkit.plugin.SimplePluginManager.callEvent(SimplePluginManager.java:576) ~[spigot.jar:git-Spigot-9639cf7-8fb6585]
	at io.github.jugbot.BlockEventListeners.onBlockBreak(BlockEventListeners.java:15) ~[?:?]
	at sun.reflect.NativeMethodAccessorImpl.invoke0(Native Method) ~[?:1.8.0_252]
	at sun.reflect.NativeMethodAccessorImpl.invoke(NativeMethodAccessorImpl.java:62) ~[?:1.8.0_252]
	at sun.reflect.DelegatingMethodAccessorImpl.invoke(DelegatingMethodAccessorImpl.java:43) ~[?:1.8.0_252]
	at java.lang.reflect.Method.invoke(Method.java:498) ~[?:1.8.0_252]
	at org.bukkit.plugin.java.JavaPluginLoader$1.execute(JavaPluginLoader.java:315) ~[spigot.jar:git-Spigot-9639cf7-8fb6585]
	at org.bukkit.plugin.RegisteredListener.callEvent(RegisteredListener.java:70) ~[spigot.jar:git-Spigot-9639cf7-8fb6585]
	at org.bukkit.plugin.SimplePluginManager.fireEvent(SimplePluginManager.java:589) ~[spigot.jar:git-Spigot-9639cf7-8fb6585]
	at org.bukkit.plugin.SimplePluginManager.callEvent(SimplePluginManager.java:576) ~[spigot.jar:git-Spigot-9639cf7-8fb6585]
	at net.minecraft.server.v1_16_R1.PlayerInteractManager.breakBlock(PlayerInteractManager.java:309) ~[spigot.jar:git-Spigot-9639cf7-8fb6585]
	at net.minecraft.server.v1_16_R1.PlayerInteractManager.a(PlayerInteractManager.java:268) ~[spigot.jar:git-Spigot-9639cf7-8fb6585]
	at net.minecraft.server.v1_16_R1.PlayerInteractManager.a(PlayerInteractManager.java:162) ~[spigot.jar:git-Spigot-9639cf7-8fb6585]
	at net.minecraft.server.v1_16_R1.PlayerConnection.a(PlayerConnection.java:1225) ~[spigot.jar:git-Spigot-9639cf7-8fb6585]
	at net.minecraft.server.v1_16_R1.PacketPlayInBlockDig.a(SourceFile:40) ~[spigot.jar:git-Spigot-9639cf7-8fb6585]
	at net.minecraft.server.v1_16_R1.PacketPlayInBlockDig.a(SourceFile:10) ~[spigot.jar:git-Spigot-9639cf7-8fb6585]
	at net.minecraft.server.v1_16_R1.PlayerConnectionUtils.lambda$0(PlayerConnectionUtils.java:19) ~[spigot.jar:git-Spigot-9639cf7-8fb6585]
	at net.minecraft.server.v1_16_R1.TickTask.run(SourceFile:18) ~[spigot.jar:git-Spigot-9639cf7-8fb6585]
	at net.minecraft.server.v1_16_R1.IAsyncTaskHandler.executeTask(SourceFile:144) ~[spigot.jar:git-Spigot-9639cf7-8fb6585]
	at net.minecraft.server.v1_16_R1.IAsyncTaskHandlerReentrant.executeTask(SourceFile:23) ~[spigot.jar:git-Spigot-9639cf7-8fb6585]
	at net.minecraft.server.v1_16_R1.IAsyncTaskHandler.executeNext(SourceFile:118) ~[spigot.jar:git-Spigot-9639cf7-8fb6585]
	at net.minecraft.server.v1_16_R1.MinecraftServer.aZ(MinecraftServer.java:943) ~[spigot.jar:git-Spigot-9639cf7-8fb6585]
	at net.minecraft.server.v1_16_R1.MinecraftServer.executeNext(MinecraftServer.java:936) ~[spigot.jar:git-Spigot-9639cf7-8fb6585]
	at net.minecraft.server.v1_16_R1.IAsyncTaskHandler.awaitTasks(SourceFile:127) ~[spigot.jar:git-Spigot-9639cf7-8fb6585]
	at net.minecraft.server.v1_16_R1.MinecraftServer.sleepForTick(MinecraftServer.java:920) ~[spigot.jar:git-Spigot-9639cf7-8fb6585]
	at net.minecraft.server.v1_16_R1.MinecraftServer.v(MinecraftServer.java:852) ~[spigot.jar:git-Spigot-9639cf7-8fb6585]
	at net.minecraft.server.v1_16_R1.MinecraftServer.lambda$0(MinecraftServer.java:164) ~[spigot.jar:git-Spigot-9639cf7-8fb6585]
	at java.lang.Thread.run(Thread.java:748) [?:1.8.0_252]
Caused by: java.lang.ClassCastException
[22:02:35] [Server thread/INFO]: Block Break Event
[22:02:35] [Server thread/ERROR]: Could not pass event BlockChangeEvent to Gravity v1.0
org.bukkit.event.EventException: null
	at org.bukkit.plugin.java.JavaPluginLoader$1.execute(JavaPluginLoader.java:319) ~[spigot.jar:git-Spigot-9639cf7-8fb6585]
	at org.bukkit.plugin.RegisteredListener.callEvent(RegisteredListener.java:70) ~[spigot.jar:git-Spigot-9639cf7-8fb6585]
	at org.bukkit.plugin.SimplePluginManager.fireEvent(SimplePluginManager.java:589) ~[spigot.jar:git-Spigot-9639cf7-8fb6585]
	at org.bukkit.plugin.SimplePluginManager.callEvent(SimplePluginManager.java:576) ~[spigot.jar:git-Spigot-9639cf7-8fb6585]
	at io.github.jugbot.BlockEventListeners.onBlockBreak(BlockEventListeners.java:15) ~[?:?]
	at sun.reflect.NativeMethodAccessorImpl.invoke0(Native Method) ~[?:1.8.0_252]
	at sun.reflect.NativeMethodAccessorImpl.invoke(NativeMethodAccessorImpl.java:62) ~[?:1.8.0_252]
	at sun.reflect.DelegatingMethodAccessorImpl.invoke(DelegatingMethodAccessorImpl.java:43) ~[?:1.8.0_252]
	at java.lang.reflect.Method.invoke(Method.java:498) ~[?:1.8.0_252]
	at org.bukkit.plugin.java.JavaPluginLoader$1.execute(JavaPluginLoader.java:315) ~[spigot.jar:git-Spigot-9639cf7-8fb6585]
	at org.bukkit.plugin.RegisteredListener.callEvent(RegisteredListener.java:70) ~[spigot.jar:git-Spigot-9639cf7-8fb6585]
	at org.bukkit.plugin.SimplePluginManager.fireEvent(SimplePluginManager.java:589) ~[spigot.jar:git-Spigot-9639cf7-8fb6585]
	at org.bukkit.plugin.SimplePluginManager.callEvent(SimplePluginManager.java:576) ~[spigot.jar:git-Spigot-9639cf7-8fb6585]
	at net.minecraft.server.v1_16_R1.PlayerInteractManager.breakBlock(PlayerInteractManager.java:309) ~[spigot.jar:git-Spigot-9639cf7-8fb6585]
	at net.minecraft.server.v1_16_R1.PlayerInteractManager.a(PlayerInteractManager.java:268) ~[spigot.jar:git-Spigot-9639cf7-8fb6585]
	at net.minecraft.server.v1_16_R1.PlayerInteractManager.a(PlayerInteractManager.java:162) ~[spigot.jar:git-Spigot-9639cf7-8fb6585]
	at net.minecraft.server.v1_16_R1.PlayerConnection.a(PlayerConnection.java:1225) ~[spigot.jar:git-Spigot-9639cf7-8fb6585]
	at net.minecraft.server.v1_16_R1.PacketPlayInBlockDig.a(SourceFile:40) ~[spigot.jar:git-Spigot-9639cf7-8fb6585]
	at net.minecraft.server.v1_16_R1.PacketPlayInBlockDig.a(SourceFile:10) ~[spigot.jar:git-Spigot-9639cf7-8fb6585]
	at net.minecraft.server.v1_16_R1.PlayerConnectionUtils.lambda$0(PlayerConnectionUtils.java:19) ~[spigot.jar:git-Spigot-9639cf7-8fb6585]
	at net.minecraft.server.v1_16_R1.TickTask.run(SourceFile:18) ~[spigot.jar:git-Spigot-9639cf7-8fb6585]
	at net.minecraft.server.v1_16_R1.IAsyncTaskHandler.executeTask(SourceFile:144) ~[spigot.jar:git-Spigot-9639cf7-8fb6585]
	at net.minecraft.server.v1_16_R1.IAsyncTaskHandlerReentrant.executeTask(SourceFile:23) ~[spigot.jar:git-Spigot-9639cf7-8fb6585]
	at net.minecraft.server.v1_16_R1.IAsyncTaskHandler.executeNext(SourceFile:118) ~[spigot.jar:git-Spigot-9639cf7-8fb6585]
	at net.minecraft.server.v1_16_R1.MinecraftServer.aZ(MinecraftServer.java:943) ~[spigot.jar:git-Spigot-9639cf7-8fb6585]
	at net.minecraft.server.v1_16_R1.MinecraftServer.executeNext(MinecraftServer.java:936) ~[spigot.jar:git-Spigot-9639cf7-8fb6585]
	at net.minecraft.server.v1_16_R1.IAsyncTaskHandler.awaitTasks(SourceFile:127) ~[spigot.jar:git-Spigot-9639cf7-8fb6585]
	at net.minecraft.server.v1_16_R1.MinecraftServer.sleepForTick(MinecraftServer.java:920) ~[spigot.jar:git-Spigot-9639cf7-8fb6585]
	at net.minecraft.server.v1_16_R1.MinecraftServer.v(MinecraftServer.java:852) ~[spigot.jar:git-Spigot-9639cf7-8fb6585]
	at net.minecraft.server.v1_16_R1.MinecraftServer.lambda$0(MinecraftServer.java:164) ~[spigot.jar:git-Spigot-9639cf7-8fb6585]
	at java.lang.Thread.run(Thread.java:748) [?:1.8.0_252]
Caused by: java.lang.ClassCastException
[22:02:36] [Server thread/INFO]: Block Break Event
[22:02:36] [Server thread/ERROR]: Could not pass event BlockChangeEvent to Gravity v1.0
org.bukkit.event.EventException: null
	at org.bukkit.plugin.java.JavaPluginLoader$1.execute(JavaPluginLoader.java:319) ~[spigot.jar:git-Spigot-9639cf7-8fb6585]
	at org.bukkit.plugin.RegisteredListener.callEvent(RegisteredListener.java:70) ~[spigot.jar:git-Spigot-9639cf7-8fb6585]
	at org.bukkit.plugin.SimplePluginManager.fireEvent(SimplePluginManager.java:589) ~[spigot.jar:git-Spigot-9639cf7-8fb6585]
	at org.bukkit.plugin.SimplePluginManager.callEvent(SimplePluginManager.java:576) ~[spigot.jar:git-Spigot-9639cf7-8fb6585]
	at io.github.jugbot.BlockEventListeners.onBlockBreak(BlockEventListeners.java:15) ~[?:?]
	at sun.reflect.NativeMethodAccessorImpl.invoke0(Native Method) ~[?:1.8.0_252]
	at sun.reflect.NativeMethodAccessorImpl.invoke(NativeMethodAccessorImpl.java:62) ~[?:1.8.0_252]
	at sun.reflect.DelegatingMethodAccessorImpl.invoke(DelegatingMethodAccessorImpl.java:43) ~[?:1.8.0_252]
	at java.lang.reflect.Method.invoke(Method.java:498) ~[?:1.8.0_252]
	at org.bukkit.plugin.java.JavaPluginLoader$1.execute(JavaPluginLoader.java:315) ~[spigot.jar:git-Spigot-9639cf7-8fb6585]
	at org.bukkit.plugin.RegisteredListener.callEvent(RegisteredListener.java:70) ~[spigot.jar:git-Spigot-9639cf7-8fb6585]
	at org.bukkit.plugin.SimplePluginManager.fireEvent(SimplePluginManager.java:589) ~[spigot.jar:git-Spigot-9639cf7-8fb6585]
	at org.bukkit.plugin.SimplePluginManager.callEvent(SimplePluginManager.java:576) ~[spigot.jar:git-Spigot-9639cf7-8fb6585]
	at net.minecraft.server.v1_16_R1.PlayerInteractManager.breakBlock(PlayerInteractManager.java:309) ~[spigot.jar:git-Spigot-9639cf7-8fb6585]
	at net.minecraft.server.v1_16_R1.PlayerInteractManager.a(PlayerInteractManager.java:268) ~[spigot.jar:git-Spigot-9639cf7-8fb6585]
	at net.minecraft.server.v1_16_R1.PlayerInteractManager.a(PlayerInteractManager.java:162) ~[spigot.jar:git-Spigot-9639cf7-8fb6585]
	at net.minecraft.server.v1_16_R1.PlayerConnection.a(PlayerConnection.java:1225) ~[spigot.jar:git-Spigot-9639cf7-8fb6585]
	at net.minecraft.server.v1_16_R1.PacketPlayInBlockDig.a(SourceFile:40) ~[spigot.jar:git-Spigot-9639cf7-8fb6585]
	at net.minecraft.server.v1_16_R1.PacketPlayInBlockDig.a(SourceFile:10) ~[spigot.jar:git-Spigot-9639cf7-8fb6585]
	at net.minecraft.server.v1_16_R1.PlayerConnectionUtils.lambda$0(PlayerConnectionUtils.java:19) ~[spigot.jar:git-Spigot-9639cf7-8fb6585]
	at net.minecraft.server.v1_16_R1.TickTask.run(SourceFile:18) ~[spigot.jar:git-Spigot-9639cf7-8fb6585]
	at net.minecraft.server.v1_16_R1.IAsyncTaskHandler.executeTask(SourceFile:144) ~[spigot.jar:git-Spigot-9639cf7-8fb6585]
	at net.minecraft.server.v1_16_R1.IAsyncTaskHandlerReentrant.executeTask(SourceFile:23) ~[spigot.jar:git-Spigot-9639cf7-8fb6585]
	at net.minecraft.server.v1_16_R1.IAsyncTaskHandler.executeNext(SourceFile:118) ~[spigot.jar:git-Spigot-9639cf7-8fb6585]
	at net.minecraft.server.v1_16_R1.MinecraftServer.aZ(MinecraftServer.java:943) ~[spigot.jar:git-Spigot-9639cf7-8fb6585]
	at net.minecraft.server.v1_16_R1.MinecraftServer.executeNext(MinecraftServer.java:936) ~[spigot.jar:git-Spigot-9639cf7-8fb6585]
	at net.minecraft.server.v1_16_R1.IAsyncTaskHandler.awaitTasks(SourceFile:127) ~[spigot.jar:git-Spigot-9639cf7-8fb6585]
	at net.minecraft.server.v1_16_R1.MinecraftServer.sleepForTick(MinecraftServer.java:920) ~[spigot.jar:git-Spigot-9639cf7-8fb6585]
	at net.minecraft.server.v1_16_R1.MinecraftServer.v(MinecraftServer.java:852) ~[spigot.jar:git-Spigot-9639cf7-8fb6585]
	at net.minecraft.server.v1_16_R1.MinecraftServer.lambda$0(MinecraftServer.java:164) ~[spigot.jar:git-Spigot-9639cf7-8fb6585]
	at java.lang.Thread.run(Thread.java:748) [?:1.8.0_252]
Caused by: java.lang.ClassCastException
[22:05:07] [Server thread/INFO]: Block Place Event
[22:05:07] [Server thread/ERROR]: Could not pass event BlockChangeEvent to Gravity v1.0
org.bukkit.event.EventException: null
	at org.bukkit.plugin.java.JavaPluginLoader$1.execute(JavaPluginLoader.java:319) ~[spigot.jar:git-Spigot-9639cf7-8fb6585]
	at org.bukkit.plugin.RegisteredListener.callEvent(RegisteredListener.java:70) ~[spigot.jar:git-Spigot-9639cf7-8fb6585]
	at org.bukkit.plugin.SimplePluginManager.fireEvent(SimplePluginManager.java:589) ~[spigot.jar:git-Spigot-9639cf7-8fb6585]
	at org.bukkit.plugin.SimplePluginManager.callEvent(SimplePluginManager.java:576) ~[spigot.jar:git-Spigot-9639cf7-8fb6585]
	at io.github.jugbot.BlockEventListeners.onBlockPlace(BlockEventListeners.java:22) ~[?:?]
	at sun.reflect.NativeMethodAccessorImpl.invoke0(Native Method) ~[?:1.8.0_252]
	at sun.reflect.NativeMethodAccessorImpl.invoke(NativeMethodAccessorImpl.java:62) ~[?:1.8.0_252]
	at sun.reflect.DelegatingMethodAccessorImpl.invoke(DelegatingMethodAccessorImpl.java:43) ~[?:1.8.0_252]
	at java.lang.reflect.Method.invoke(Method.java:498) ~[?:1.8.0_252]
	at org.bukkit.plugin.java.JavaPluginLoader$1.execute(JavaPluginLoader.java:315) ~[spigot.jar:git-Spigot-9639cf7-8fb6585]
	at org.bukkit.plugin.RegisteredListener.callEvent(RegisteredListener.java:70) ~[spigot.jar:git-Spigot-9639cf7-8fb6585]
	at org.bukkit.plugin.SimplePluginManager.fireEvent(SimplePluginManager.java:589) ~[spigot.jar:git-Spigot-9639cf7-8fb6585]
	at org.bukkit.plugin.SimplePluginManager.callEvent(SimplePluginManager.java:576) ~[spigot.jar:git-Spigot-9639cf7-8fb6585]
	at org.bukkit.craftbukkit.v1_16_R1.event.CraftEventFactory.callBlockPlaceEvent(CraftEventFactory.java:367) ~[spigot.jar:git-Spigot-9639cf7-8fb6585]
	at net.minecraft.server.v1_16_R1.ItemStack.placeItem(ItemStack.java:220) ~[spigot.jar:git-Spigot-9639cf7-8fb6585]
	at net.minecraft.server.v1_16_R1.PlayerInteractManager.a(PlayerInteractManager.java:488) ~[spigot.jar:git-Spigot-9639cf7-8fb6585]
	at net.minecraft.server.v1_16_R1.PlayerConnection.a(PlayerConnection.java:1284) ~[spigot.jar:git-Spigot-9639cf7-8fb6585]
	at net.minecraft.server.v1_16_R1.PacketPlayInUseItem.a(PacketPlayInUseItem.java:27) ~[spigot.jar:git-Spigot-9639cf7-8fb6585]
	at net.minecraft.server.v1_16_R1.PacketPlayInUseItem.a(PacketPlayInUseItem.java:1) ~[spigot.jar:git-Spigot-9639cf7-8fb6585]
	at net.minecraft.server.v1_16_R1.PlayerConnectionUtils.lambda$0(PlayerConnectionUtils.java:19) ~[spigot.jar:git-Spigot-9639cf7-8fb6585]
	at net.minecraft.server.v1_16_R1.TickTask.run(SourceFile:18) ~[spigot.jar:git-Spigot-9639cf7-8fb6585]
	at net.minecraft.server.v1_16_R1.IAsyncTaskHandler.executeTask(SourceFile:144) ~[spigot.jar:git-Spigot-9639cf7-8fb6585]
	at net.minecraft.server.v1_16_R1.IAsyncTaskHandlerReentrant.executeTask(SourceFile:23) ~[spigot.jar:git-Spigot-9639cf7-8fb6585]
	at net.minecraft.server.v1_16_R1.IAsyncTaskHandler.executeNext(SourceFile:118) ~[spigot.jar:git-Spigot-9639cf7-8fb6585]
	at net.minecraft.server.v1_16_R1.MinecraftServer.aZ(MinecraftServer.java:943) ~[spigot.jar:git-Spigot-9639cf7-8fb6585]
	at net.minecraft.server.v1_16_R1.MinecraftServer.executeNext(MinecraftServer.java:936) ~[spigot.jar:git-Spigot-9639cf7-8fb6585]
	at net.minecraft.server.v1_16_R1.IAsyncTaskHandler.awaitTasks(SourceFile:127) ~[spigot.jar:git-Spigot-9639cf7-8fb6585]
	at net.minecraft.server.v1_16_R1.MinecraftServer.sleepForTick(MinecraftServer.java:920) ~[spigot.jar:git-Spigot-9639cf7-8fb6585]
	at net.minecraft.server.v1_16_R1.MinecraftServer.v(MinecraftServer.java:852) ~[spigot.jar:git-Spigot-9639cf7-8fb6585]
	at net.minecraft.server.v1_16_R1.MinecraftServer.lambda$0(MinecraftServer.java:164) ~[spigot.jar:git-Spigot-9639cf7-8fb6585]
	at java.lang.Thread.run(Thread.java:748) [?:1.8.0_252]
Caused by: java.lang.ClassCastException
[22:05:14] [Server thread/INFO]: Block Place Event
[22:05:14] [Server thread/INFO]: Thread Started
[22:05:14] [Server thread/INFO]: Block Place Event
[22:05:15] [Server thread/INFO]: Block Place Event
[22:05:15] [Server thread/INFO]: Thread Started
[22:05:16] [Server thread/INFO]: Block Gravity Event
[22:05:16] [Server thread/INFO]: Thread Started
[22:05:16] [Server thread/INFO]: Block Gravity
[22:05:16] [Server thread/INFO]: Block Gravity Event
[22:05:16] [Server thread/INFO]: Block Gravity
[22:05:16] [Server thread/INFO]: Block Gravity Event
[22:05:16] [Server thread/INFO]: Block Gravity
[22:05:17] [Server thread/INFO]: Block Gravity Event
[22:05:17] [Server thread/INFO]: Thread Started
[22:05:17] [Server thread/INFO]: Block Gravity
[22:05:17] [Server thread/INFO]: Block Gravity Event
[22:05:17] [Server thread/INFO]: Block Gravity
[22:05:17] [Server thread/INFO]: Block Gravity Event
[22:05:17] [Server thread/INFO]: Block Gravity
[22:05:18] [Server thread/INFO]: Block Gravity Event
[22:05:18] [Server thread/INFO]: Thread Started
[22:05:18] [Server thread/INFO]: Block Gravity
[22:05:18] [Server thread/INFO]: Block Gravity Event
[22:05:18] [Server thread/INFO]: Block Gravity
[22:05:19] [Server thread/INFO]: Block Gravity Event
[22:05:19] [Server thread/INFO]: Thread Started
[22:05:19] [Server thread/INFO]: Block Gravity
[22:05:20] [Server thread/INFO]: Block Place Event
[22:05:21] [Server thread/INFO]: Block Place Event
[22:05:21] [Server thread/INFO]: Thread Started
[22:05:22] [Server thread/INFO]: Block Place Event
[22:05:22] [Server thread/INFO]: Block Gravity Event
[22:05:22] [Server thread/INFO]: Thread Started
[22:05:22] [Server thread/INFO]: Block Gravity
[22:05:22] [Server thread/INFO]: Block Gravity Event
[22:05:22] [Server thread/INFO]: Block Gravity
[22:05:22] [Server thread/INFO]: Block Place Event
[22:05:23] [Server thread/INFO]: Block Gravity Event
[22:05:23] [Server thread/INFO]: Thread Started
[22:05:23] [Server thread/INFO]: Block Gravity
[22:05:23] [Server thread/INFO]: Block Gravity Event
[22:05:23] [Server thread/INFO]: Block Gravity
[22:05:23] [Server thread/INFO]: Block Gravity Event
[22:05:23] [Server thread/INFO]: Block Gravity
[22:05:24] [Server thread/INFO]: Block Gravity Event
[22:05:24] [Server thread/INFO]: Thread Started
[22:05:24] [Server thread/INFO]: Block Gravity
[22:05:24] [Server thread/INFO]: Block Gravity Event
[22:05:24] [Server thread/INFO]: Block Gravity
[22:05:24] [Server thread/INFO]: Block Gravity Event
[22:05:24] [Server thread/INFO]: Block Gravity
[22:05:25] [Server thread/INFO]: Block Gravity Event
[22:05:25] [Server thread/INFO]: Thread Started
[22:05:25] [Server thread/INFO]: Block Gravity
[22:05:25] [Server thread/INFO]: Block Gravity Event
[22:05:25] [Server thread/INFO]: Block Gravity
[22:05:25] [Server thread/INFO]: Block Gravity Event
[22:05:25] [Server thread/INFO]: Block Gravity
[22:05:27] [Server thread/INFO]: Block Gravity Event
[22:05:27] [Server thread/INFO]: Thread Started
[22:05:27] [Server thread/INFO]: Block Gravity
[22:05:27] [Server thread/INFO]: Block Gravity Event
[22:05:27] [Server thread/INFO]: Block Gravity
[22:05:28] [Server thread/INFO]: Block Gravity Event
[22:05:28] [Server thread/INFO]: Thread Started
[22:05:28] [Server thread/INFO]: Block Gravity
[22:05:29] [Server thread/INFO]: Block Gravity Event
[22:05:29] [Server thread/INFO]: Thread Started
[22:05:29] [Server thread/INFO]: Block Gravity
[22:05:29] [Server thread/INFO]: Block Gravity Event
[22:05:29] [Server thread/INFO]: Block Gravity
[22:05:31] [Server thread/INFO]: Block Gravity Event
[22:05:31] [Server thread/INFO]: Thread Started
[22:05:31] [Server thread/INFO]: Block Gravity
[22:05:31] [Server thread/INFO]: Block Gravity Event
[22:05:31] [Server thread/INFO]: Block Gravity
[22:05:32] [Server thread/INFO]: Block Gravity Event
[22:05:32] [Server thread/INFO]: Thread Started
[22:05:32] [Server thread/INFO]: Block Gravity
[22:05:33] [Server thread/INFO]: Block Gravity Event
[22:05:33] [Server thread/INFO]: Thread Started
[22:05:33] [Server thread/INFO]: Block Gravity
[22:05:33] [Server thread/INFO]: Block Place Event
[22:05:34] [Server thread/INFO]: Block Place Event
[22:05:34] [Server thread/INFO]: Block Place Event
[22:05:36] [Server thread/INFO]: Block Place Event
[22:05:36] [Server thread/INFO]: Thread Started
[22:05:37] [Server thread/INFO]: Block Gravity Event
[22:05:37] [Server thread/INFO]: Thread Started
[22:05:37] [Server thread/INFO]: Block Gravity
[22:05:37] [Server thread/INFO]: Block Gravity Event
[22:05:37] [Server thread/INFO]: Block Gravity
[22:05:37] [Server thread/INFO]: Block Gravity Event
[22:05:37] [Server thread/INFO]: Block Gravity
[22:05:37] [Server thread/INFO]: Block Gravity Event
[22:05:37] [Server thread/INFO]: Block Gravity
[22:05:38] [Server thread/INFO]: Block Gravity Event
[22:05:38] [Server thread/INFO]: Thread Started
[22:05:38] [Server thread/INFO]: Block Gravity
[22:05:38] [Server thread/INFO]: Block Gravity Event
[22:05:38] [Server thread/INFO]: Block Gravity
[22:05:38] [Server thread/INFO]: Block Gravity Event
[22:05:38] [Server thread/INFO]: Block Gravity
[22:05:38] [Server thread/INFO]: Block Gravity Event
[22:05:38] [Server thread/INFO]: Block Gravity
[22:05:39] [Server thread/INFO]: Block Gravity Event
[22:05:39] [Server thread/INFO]: Thread Started
[22:05:39] [Server thread/INFO]: Block Gravity
[22:05:40] [Server thread/INFO]: Block Gravity Event
[22:05:40] [Server thread/INFO]: Thread Started
[22:05:40] [Server thread/INFO]: Block Gravity
[22:05:59] [Server thread/INFO]: Block Place Event
[22:05:59] [Server thread/INFO]: Thread Started
[22:05:59] [Server thread/INFO]: Block Place Event
[22:06:00] [Server thread/INFO]: Block Place Event
[22:06:00] [Server thread/INFO]: Block Break Event
[22:06:00] [Server thread/INFO]: Thread Started
[22:06:04] [Server thread/INFO]: Block Place Event
[22:06:04] [Server thread/INFO]: Thread Started
[22:06:04] [Server thread/INFO]: Block Place Event
[22:06:05] [Server thread/INFO]: Block Place Event
[22:06:06] [Server thread/INFO]: Block Place Event
[22:06:06] [Server thread/INFO]: Thread Started
[22:06:06] [Server thread/INFO]: Block Place Event
[22:06:07] [Server thread/INFO]: Block Place Event
[22:06:07] [Server thread/INFO]: Block Place Event
[22:06:07] [Server thread/INFO]: Thread Started
[22:06:08] [Server thread/INFO]: Block Place Event
[22:06:08] [Server thread/INFO]: Block Place Event
[22:06:09] [Server thread/INFO]: Block Place Event
[22:06:09] [Server thread/INFO]: Block Place Event
[22:06:09] [Server thread/INFO]: Thread Started
[22:06:13] [Server thread/INFO]: Block Place Event
[22:06:13] [Server thread/INFO]: Thread Started
[22:06:13] [Server thread/INFO]: Block Place Event
[22:06:13] [Server thread/INFO]: Block Place Event
[22:06:14] [Server thread/INFO]: Block Place Event
[22:06:14] [Server thread/INFO]: Block Gravity Event
[22:06:14] [Server thread/INFO]: Thread Started
[22:06:14] [Server thread/INFO]: Block Gravity
[22:06:14] [Server thread/INFO]: Block Gravity Event
[22:06:14] [Server thread/INFO]: Block Gravity
[22:06:14] [Server thread/INFO]: Block Gravity Event
[22:06:14] [Server thread/INFO]: Block Gravity
[22:06:14] [Server thread/INFO]: Block Gravity Event
[22:06:14] [Server thread/INFO]: Block Gravity
[22:06:14] [Server thread/INFO]: Block Gravity Event
[22:06:14] [Server thread/INFO]: Block Gravity
[22:06:14] [Server thread/INFO]: Block Gravity Event
[22:06:14] [Server thread/INFO]: Block Gravity
[22:06:14] [Server thread/INFO]: Block Gravity Event
[22:06:14] [Server thread/INFO]: Block Gravity
[22:06:14] [Server thread/INFO]: Block Gravity Event
[22:06:14] [Server thread/INFO]: Block Gravity
[22:06:14] [Server thread/INFO]: Block Place Event
[22:06:15] [Server thread/INFO]: Block Place Event
[22:06:16] [Server thread/INFO]: Block Gravity Event
[22:06:16] [Server thread/INFO]: Thread Started
[22:06:16] [Server thread/INFO]: Block Gravity
[22:06:16] [Server thread/INFO]: Block Gravity Event
[22:06:16] [Server thread/INFO]: Block Gravity
[22:06:16] [Server thread/INFO]: Block Gravity Event
[22:06:16] [Server thread/INFO]: Block Gravity
[22:06:16] [Server thread/INFO]: Block Gravity Event
[22:06:16] [Server thread/INFO]: Block Gravity
[22:06:16] [Server thread/INFO]: Block Gravity Event
[22:06:16] [Server thread/INFO]: Block Gravity
[22:06:16] [Server thread/INFO]: Block Gravity Event
[22:06:16] [Server thread/INFO]: Block Gravity
[22:06:16] [Server thread/INFO]: Block Gravity Event
[22:06:16] [Server thread/INFO]: Block Gravity
[22:06:16] [Server thread/INFO]: Block Gravity Event
[22:06:16] [Server thread/INFO]: Block Gravity
[22:06:16] [Server thread/INFO]: Block Gravity Event
[22:06:16] [Server thread/INFO]: Block Gravity
[22:06:16] [Server thread/INFO]: Block Gravity Event
[22:06:16] [Server thread/INFO]: Block Gravity
[22:06:16] [Server thread/INFO]: Block Gravity Event
[22:06:16] [Server thread/INFO]: Block Gravity
[22:06:17] [Server thread/INFO]: Block Gravity Event
[22:06:17] [Server thread/INFO]: Thread Started
[22:06:17] [Server thread/INFO]: Block Gravity
[22:06:17] [Server thread/INFO]: Block Gravity Event
[22:06:17] [Server thread/INFO]: Block Gravity
[22:06:17] [Server thread/INFO]: Block Gravity Event
[22:06:17] [Server thread/INFO]: Block Gravity
[22:06:17] [Server thread/INFO]: Block Gravity Event
[22:06:17] [Server thread/INFO]: Block Gravity
[22:06:17] [Server thread/INFO]: Block Gravity Event
[22:06:17] [Server thread/INFO]: Block Gravity
[22:06:17] [Server thread/INFO]: Block Gravity Event
[22:06:17] [Server thread/INFO]: Block Gravity
[22:06:17] [Server thread/INFO]: Block Gravity Event
[22:06:17] [Server thread/INFO]: Block Gravity
[22:06:17] [Server thread/INFO]: Block Gravity Event
[22:06:17] [Server thread/INFO]: Block Gravity
[22:06:17] [Server thread/INFO]: Block Gravity Event
[22:06:17] [Server thread/INFO]: Block Gravity
[22:06:17] [Server thread/INFO]: Block Gravity Event
[22:06:17] [Server thread/INFO]: Block Gravity
[22:06:17] [Server thread/INFO]: Block Gravity Event
[22:06:17] [Server thread/INFO]: Block Gravity
[22:06:17] [Server thread/INFO]: Block Gravity Event
[22:06:17] [Server thread/INFO]: Block Gravity
[22:06:17] [Server thread/INFO]: Block Gravity Event
[22:06:17] [Server thread/INFO]: Block Gravity
[22:06:17] [Server thread/INFO]: Block Gravity Event
[22:06:17] [Server thread/INFO]: Block Gravity
[22:06:17] [Server thread/INFO]: Block Gravity Event
[22:06:17] [Server thread/INFO]: Block Gravity
[22:06:17] [Server thread/INFO]: Block Gravity Event
[22:06:17] [Server thread/INFO]: Block Gravity
[22:06:18] [Server thread/INFO]: Block Gravity Event
[22:06:18] [Server thread/INFO]: Thread Started
[22:06:18] [Server thread/INFO]: Block Gravity
[22:06:18] [Server thread/INFO]: Block Gravity Event
[22:06:18] [Server thread/INFO]: Block Gravity
[22:06:18] [Server thread/INFO]: Block Gravity Event
[22:06:18] [Server thread/INFO]: Block Gravity
[22:06:18] [Server thread/INFO]: Block Gravity Event
[22:06:18] [Server thread/INFO]: Block Gravity
[22:06:18] [Server thread/INFO]: Block Gravity Event
[22:06:18] [Server thread/INFO]: Block Gravity
[22:06:18] [Server thread/INFO]: Block Gravity Event
[22:06:18] [Server thread/INFO]: Block Gravity
[22:06:18] [Server thread/INFO]: Block Gravity Event
[22:06:18] [Server thread/INFO]: Block Gravity
[22:06:18] [Server thread/INFO]: Block Gravity Event
[22:06:18] [Server thread/INFO]: Block Gravity
[22:06:18] [Server thread/INFO]: Block Gravity Event
[22:06:18] [Server thread/INFO]: Block Gravity
[22:06:18] [Server thread/INFO]: Block Gravity Event
[22:06:18] [Server thread/INFO]: Block Gravity
[22:06:18] [Server thread/INFO]: Block Gravity Event
[22:06:18] [Server thread/INFO]: Block Gravity
[22:06:18] [Server thread/INFO]: Block Gravity Event
[22:06:18] [Server thread/INFO]: Block Gravity
[22:06:18] [Server thread/INFO]: Block Gravity Event
[22:06:18] [Server thread/INFO]: Block Gravity
[22:06:22] [Server thread/INFO]: Block Place Event
[22:06:22] [Server thread/INFO]: Thread Started
[22:06:23] [Server thread/INFO]: Block Place Event
[22:06:23] [Server thread/INFO]: Block Place Event
[22:06:24] [Server thread/INFO]: Block Place Event
[22:06:24] [Server thread/INFO]: Thread Started
[22:06:26] [Server thread/INFO]: Block Place Event
[22:06:26] [Server thread/INFO]: Thread Started
[22:06:27] [Server thread/INFO]: Block Place Event
[22:06:27] [Server thread/INFO]: Block Place Event
[22:06:28] [Server thread/INFO]: Block Gravity Event
[22:06:28] [Server thread/INFO]: Thread Started
[22:06:28] [Server thread/INFO]: Block Gravity
[22:06:28] [Server thread/INFO]: Block Gravity Event
[22:06:28] [Server thread/INFO]: Block Gravity
[22:06:28] [Server thread/INFO]: Block Gravity Event
[22:06:28] [Server thread/INFO]: Block Gravity
[22:06:28] [Server thread/INFO]: Block Gravity Event
[22:06:28] [Server thread/INFO]: Block Gravity
[22:06:28] [Server thread/INFO]: Block Gravity Event
[22:06:28] [Server thread/INFO]: Block Gravity
[22:06:28] [Server thread/INFO]: Block Gravity Event
[22:06:28] [Server thread/INFO]: Block Gravity
[22:06:28] [Server thread/INFO]: Block Place Event
[22:06:28] [Server thread/INFO]: Block Place Event
[22:06:29] [Server thread/INFO]: Block Gravity Event
[22:06:29] [Server thread/INFO]: Thread Started
[22:06:29] [Server thread/INFO]: Block Gravity
[22:06:29] [Server thread/INFO]: Block Gravity Event
[22:06:29] [Server thread/INFO]: Block Gravity
[22:06:29] [Server thread/INFO]: Block Gravity Event
[22:06:29] [Server thread/INFO]: Block Gravity
[22:06:29] [Server thread/INFO]: Block Gravity Event
[22:06:29] [Server thread/INFO]: Block Gravity
[22:06:29] [Server thread/INFO]: Block Gravity Event
[22:06:29] [Server thread/INFO]: Block Gravity
[22:06:29] [Server thread/INFO]: Block Gravity Event
[22:06:29] [Server thread/INFO]: Block Gravity
[22:06:29] [Server thread/INFO]: Block Gravity Event
[22:06:29] [Server thread/INFO]: Block Gravity
[22:06:29] [Server thread/INFO]: Block Gravity Event
[22:06:29] [Server thread/INFO]: Block Gravity
[22:06:30] [Server thread/INFO]: Block Gravity Event
[22:06:30] [Server thread/INFO]: Thread Started
[22:06:30] [Server thread/INFO]: Block Gravity
[22:06:30] [Server thread/INFO]: Block Gravity Event
[22:06:30] [Server thread/INFO]: Block Gravity
[22:06:30] [Server thread/INFO]: Block Gravity Event
[22:06:30] [Server thread/INFO]: Block Gravity
[22:06:30] [Server thread/INFO]: Block Gravity Event
[22:06:30] [Server thread/INFO]: Block Gravity
[22:06:30] [Server thread/INFO]: Block Gravity Event
[22:06:30] [Server thread/INFO]: Block Gravity
[22:06:30] [Server thread/INFO]: Block Gravity Event
[22:06:30] [Server thread/INFO]: Block Gravity
[22:06:30] [Server thread/INFO]: Block Gravity Event
[22:06:30] [Server thread/INFO]: Block Gravity
[22:06:30] [Server thread/INFO]: Block Gravity Event
[22:06:30] [Server thread/INFO]: Block Gravity
[22:06:30] [Server thread/INFO]: Block Gravity Event
[22:06:30] [Server thread/INFO]: Block Gravity
[22:06:31] [Server thread/INFO]: Block Gravity Event
[22:06:31] [Server thread/INFO]: Thread Started
[22:06:31] [Server thread/INFO]: Block Gravity
[22:06:31] [Server thread/INFO]: Block Gravity Event
[22:06:31] [Server thread/INFO]: Block Gravity
[22:06:31] [Server thread/INFO]: Block Gravity Event
[22:06:31] [Server thread/INFO]: Block Gravity
[22:06:32] [Server thread/INFO]: Block Gravity Event
[22:06:32] [Server thread/INFO]: Block Gravity
[22:06:32] [Server thread/INFO]: Block Gravity Event
[22:06:32] [Server thread/INFO]: Block Gravity
[22:06:32] [Server thread/INFO]: Block Gravity Event
[22:06:32] [Server thread/INFO]: Block Gravity
[22:06:32] [Server thread/INFO]: Block Gravity Event
[22:06:32] [Server thread/INFO]: Block Gravity
[22:07:18] [Server thread/INFO]: Block Place Event
[22:07:18] [Server thread/INFO]: Thread Started
[22:07:18] [Server thread/INFO]: Block Place Event
[22:07:19] [Server thread/INFO]: Block Place Event
[22:07:20] [Server thread/INFO]: Block Place Event
[22:07:20] [Server thread/INFO]: Thread Started
[22:07:21] [Server thread/INFO]: Block Place Event
[22:07:21] [Server thread/INFO]: Thread Started
[22:07:22] [Server thread/INFO]: Block Place Event
[22:07:23] [Server thread/INFO]: Block Place Event
[22:07:23] [Server thread/INFO]: Thread Started
[22:07:24] [Server thread/INFO]: Block Place Event
[22:07:24] [Server thread/INFO]: Block Place Event
[22:07:24] [Server thread/INFO]: Thread Started
[22:07:26] [Server thread/INFO]: Block Break Event
[22:07:26] [Server thread/INFO]: Thread Started
[22:07:27] [Server thread/INFO]: Block Break Event
[22:07:42] [Server thread/INFO]: Block Break Event
[22:07:42] [Server thread/INFO]: Thread Started
[22:07:42] [Server thread/INFO]: Block Place Event
[22:07:43] [Server thread/INFO]: Block Gravity Event
[22:07:43] [Server thread/INFO]: Thread Started
[22:07:43] [Server thread/INFO]: Block Gravity
[22:07:43] [Server thread/INFO]: Block Gravity Event
[22:07:43] [Server thread/INFO]: Block Gravity
[22:07:43] [Server thread/INFO]: Block Gravity Event
[22:07:43] [Server thread/INFO]: Block Gravity
[22:07:43] [Server thread/INFO]: Block Gravity Event
[22:07:43] [Server thread/INFO]: Block Gravity
[22:07:43] [Server thread/INFO]: Block Gravity Event
[22:07:43] [Server thread/INFO]: Block Gravity
[22:07:43] [Server thread/INFO]: Block Gravity Event
[22:07:43] [Server thread/INFO]: Block Gravity
[22:07:43] [Server thread/INFO]: Block Gravity Event
[22:07:43] [Server thread/INFO]: Block Gravity
[22:07:43] [Server thread/INFO]: Block Gravity Event
[22:07:43] [Server thread/INFO]: Block Gravity
[22:07:44] [Server thread/INFO]: Block Gravity Event
[22:07:44] [Server thread/INFO]: Thread Started
[22:07:44] [Server thread/INFO]: Block Gravity
[22:07:44] [Server thread/INFO]: Block Gravity Event
[22:07:44] [Server thread/INFO]: Block Gravity
[22:07:44] [Server thread/INFO]: Block Gravity Event
[22:07:44] [Server thread/INFO]: Block Gravity
[22:07:44] [Server thread/INFO]: Block Gravity Event
[22:07:44] [Server thread/INFO]: Block Gravity
[22:07:44] [Server thread/INFO]: Block Gravity Event
[22:07:44] [Server thread/INFO]: Block Gravity
[22:07:44] [Server thread/INFO]: Block Gravity Event
[22:07:44] [Server thread/INFO]: Block Gravity
[22:07:44] [Server thread/INFO]: Block Gravity Event
[22:07:44] [Server thread/INFO]: Block Gravity
[22:07:44] [Server thread/INFO]: Block Gravity Event
[22:07:44] [Server thread/INFO]: Block Gravity
[22:07:44] [Server thread/INFO]: Block Gravity Event
[22:07:44] [Server thread/INFO]: Block Gravity
[22:07:44] [Server thread/INFO]: Block Gravity Event
[22:07:44] [Server thread/INFO]: Block Gravity
[22:07:44] [Server thread/INFO]: Block Gravity Event
[22:07:44] [Server thread/INFO]: Block Gravity
[22:07:44] [Server thread/INFO]: Block Break Event
[22:07:45] [Server thread/INFO]: Block Gravity Event
[22:07:45] [Server thread/INFO]: Thread Started
[22:07:45] [Server thread/INFO]: Block Gravity
[22:07:45] [Server thread/INFO]: Block Gravity Event
[22:07:45] [Server thread/INFO]: Block Gravity
[22:07:45] [Server thread/INFO]: Block Gravity Event
[22:07:45] [Server thread/INFO]: Block Gravity
[22:07:46] [Server thread/INFO]: Block Gravity Event
[22:07:46] [Server thread/INFO]: Thread Started
[22:07:46] [Server thread/INFO]: Block Gravity
[22:07:46] [Server thread/INFO]: Block Gravity Event
[22:07:46] [Server thread/INFO]: Block Gravity
[22:07:48] [Server thread/INFO]: Block Gravity Event
[22:07:48] [Server thread/INFO]: Thread Started
[22:07:48] [Server thread/INFO]: Block Gravity
[22:07:48] [Server thread/INFO]: Block Gravity Event
[22:07:48] [Server thread/INFO]: Block Gravity
[22:07:48] [Server thread/INFO]: Block Place Event
[22:07:49] [Server thread/INFO]: Block Place Event
[22:07:49] [Server thread/INFO]: Thread Started
[22:07:49] [Server thread/INFO]: Block Place Event
[22:07:49] [Server thread/INFO]: Block Place Event
[22:07:51] [Server thread/INFO]: Block Break Event
[22:07:51] [Server thread/INFO]: Thread Started
[22:07:51] [Server thread/INFO]: Block Place Event
[22:07:57] [Server thread/INFO]: Block Place Event
[22:07:57] [Server thread/INFO]: Thread Started
[22:07:58] [Server thread/INFO]: Block Gravity Event
[22:07:58] [Server thread/INFO]: Thread Started
[22:07:58] [Server thread/INFO]: Block Gravity
[22:07:58] [Server thread/INFO]: Block Gravity Event
[22:07:58] [Server thread/INFO]: Block Gravity
[22:07:58] [Server thread/INFO]: Block Gravity Event
[22:07:58] [Server thread/INFO]: Block Gravity
[22:07:58] [Server thread/INFO]: Block Gravity Event
[22:07:58] [Server thread/INFO]: Block Gravity
[22:07:59] [Server thread/INFO]: Block Gravity Event
[22:07:59] [Server thread/INFO]: Thread Started
[22:07:59] [Server thread/INFO]: Block Gravity
[22:07:59] [Server thread/INFO]: Block Gravity Event
[22:07:59] [Server thread/INFO]: Block Gravity
[22:07:59] [Server thread/INFO]: Block Gravity Event
[22:07:59] [Server thread/INFO]: Block Gravity
[22:07:59] [Server thread/INFO]: Block Gravity Event
[22:07:59] [Server thread/INFO]: Block Gravity
[22:08:00] [Server thread/INFO]: Block Gravity Event
[22:08:00] [Server thread/INFO]: Thread Started
[22:08:00] [Server thread/INFO]: Block Gravity
[22:08:00] [Server thread/INFO]: Block Gravity Event
[22:08:00] [Server thread/INFO]: Block Gravity
[22:08:01] [Server thread/INFO]: Block Gravity Event
[22:08:01] [Server thread/INFO]: Thread Started
[22:08:01] [Server thread/INFO]: Block Gravity
[22:08:01] [Server thread/INFO]: Block Gravity Event
[22:08:01] [Server thread/INFO]: Block Gravity
[22:08:02] [Server thread/INFO]: Block Place Event
[22:08:02] [Server thread/INFO]: Thread Started
[22:08:05] [Server thread/INFO]: Block Break Event
[22:08:05] [Server thread/INFO]: Thread Started
[22:08:08] [Server thread/INFO]: Block Place Event
[22:08:08] [Server thread/INFO]: Thread Started
[22:08:10] [Server thread/INFO]: Block Place Event
[22:08:10] [Server thread/INFO]: Thread Started
[22:08:10] [Server thread/INFO]: Block Place Event
[22:08:11] [Server thread/INFO]: Block Place Event
[22:08:11] [Server thread/INFO]: Block Place Event
[22:08:11] [Server thread/INFO]: Thread Started
[22:08:12] [Server thread/INFO]: Block Gravity Event
[22:08:12] [Server thread/INFO]: Thread Started
[22:08:12] [Server thread/INFO]: Block Gravity
[22:08:12] [Server thread/INFO]: Block Gravity Event
[22:08:12] [Server thread/INFO]: Block Gravity
[22:08:12] [Server thread/INFO]: Block Gravity Event
[22:08:12] [Server thread/INFO]: Block Gravity
[22:08:12] [Server thread/INFO]: Block Gravity Event
[22:08:12] [Server thread/INFO]: Block Gravity
[22:08:14] [Server thread/INFO]: Block Gravity Event
[22:08:14] [Server thread/INFO]: Thread Started
[22:08:14] [Server thread/INFO]: Block Gravity
[22:08:14] [Server thread/INFO]: Block Gravity Event
[22:08:14] [Server thread/INFO]: Block Gravity
[22:08:14] [Server thread/INFO]: Block Gravity Event
[22:08:14] [Server thread/INFO]: Block Gravity
[22:08:14] [Server thread/INFO]: Block Gravity Event
[22:08:14] [Server thread/INFO]: Block Gravity
[22:08:14] [Server thread/INFO]: Block Gravity Event
[22:08:14] [Server thread/INFO]: Thread Started
[22:08:14] [Server thread/INFO]: Block Gravity
[22:08:14] [Server thread/INFO]: Block Gravity Event
[22:08:14] [Server thread/INFO]: Block Gravity
[22:08:16] [Server thread/INFO]: Block Gravity Event
[22:08:16] [Server thread/INFO]: Thread Started
[22:08:16] [Server thread/INFO]: Block Gravity
[22:08:16] [Server thread/INFO]: Block Gravity Event
[22:08:16] [Server thread/INFO]: Block Gravity
[22:08:20] [Server thread/INFO]: Block Place Event
[22:08:20] [Server thread/INFO]: Thread Started
[22:08:20] [Server thread/INFO]: Block Break Event
[22:08:21] [Server thread/INFO]: Block Place Event
[22:08:21] [Server thread/INFO]: Thread Started
[22:08:21] [Server thread/INFO]: Block Place Event
[22:08:22] [Server thread/INFO]: Block Place Event
[22:08:24] [Server thread/INFO]: Block Place Event
[22:08:24] [Server thread/INFO]: Thread Started
[22:09:00] [Server thread/INFO]: Jugbot lost connection: Disconnected
[22:09:00] [Server thread/INFO]: Jugbot left the game
