[20:14:00] [main/INFO]: Environment: authHost='https://authserver.mojang.com', accountsHost='https://api.mojang.com', sessionHost='https://sessionserver.mojang.com', name='PROD'
[20:14:01] [main/INFO]: Reloading ResourceManager: Default, bukkit
[20:14:03] [Worker-Main-5/INFO]: Loaded 7 recipes
[20:14:05] [Server thread/INFO]: Starting minecraft server version 1.16.3
[20:14:05] [Server thread/INFO]: Loading properties
[20:14:06] [Server thread/INFO]: This server is running CraftBukkit version git-Spigot-57bbdd8-dea4138 (MC: 1.16.3) (Implementing API version 1.16.3-R0.1-SNAPSHOT)
[20:14:06] [Server thread/INFO]: Debug logging is disabled
[20:14:06] [Server thread/INFO]: Using 4 threads for Netty based IO
[20:14:06] [Server thread/INFO]: Server Ping Player Sample Count: 12
[20:14:06] [Server thread/INFO]: Default game type: SURVIVAL
[20:14:06] [Server thread/INFO]: Generating keypair
[20:14:06] [Server thread/INFO]: Starting Minecraft server on *:25565
[20:14:06] [Server thread/INFO]: Using default channel type
[20:14:09] [Server thread/INFO]: [Gravity] Loading Gravity v1.0
[20:14:09] [Server thread/WARN]: **** SERVER IS RUNNING IN OFFLINE/INSECURE MODE!
[20:14:09] [Server thread/WARN]: The server will make no attempt to authenticate usernames. Beware.
[20:14:09] [Server thread/WARN]: While this makes the game possible to play without internet access, it also opens up the ability for hackers to connect with any username they choose.
[20:14:09] [Server thread/WARN]: To change this, set "online-mode" to "true" in the server.properties file.
[20:14:09] [Server thread/INFO]: Preparing level "world"
[20:14:09] [Server thread/INFO]: -------- World Settings For [world] --------
[20:14:09] [Server thread/INFO]: Entity Tracking Range: Pl 48 / An 48 / Mo 48 / Mi 32 / Other 64
[20:14:09] [Server thread/INFO]: Item Merge Radius: 2.5
[20:14:09] [Server thread/INFO]: Item Despawn Rate: 6000
[20:14:09] [Server thread/INFO]: View Distance: 10
[20:14:09] [Server thread/INFO]: Allow Zombie Pigmen to spawn from portal blocks: true
[20:14:09] [Server thread/INFO]: Nerfing mobs spawned from spawners: false
[20:14:09] [Server thread/INFO]: Zombie Aggressive Towards Villager: true
[20:14:09] [Server thread/INFO]: Entity Activation Range: An 32 / Mo 32 / Ra 48 / Mi 16 / Tiv true
[20:14:09] [Server thread/INFO]: Cactus Growth Modifier: 100%
[20:14:09] [Server thread/INFO]: Cane Growth Modifier: 100%
[20:14:09] [Server thread/INFO]: Melon Growth Modifier: 100%
[20:14:09] [Server thread/INFO]: Mushroom Growth Modifier: 100%
[20:14:09] [Server thread/INFO]: Pumpkin Growth Modifier: 100%
[20:14:09] [Server thread/INFO]: Sapling Growth Modifier: 100%
[20:14:09] [Server thread/INFO]: Beetroot Growth Modifier: 100%
[20:14:09] [Server thread/INFO]: Carrot Growth Modifier: 100%
[20:14:09] [Server thread/INFO]: Potato Growth Modifier: 100%
[20:14:09] [Server thread/INFO]: Wheat Growth Modifier: 100%
[20:14:09] [Server thread/INFO]: NetherWart Growth Modifier: 100%
[20:14:09] [Server thread/INFO]: Vine Growth Modifier: 100%
[20:14:09] [Server thread/INFO]: Cocoa Growth Modifier: 100%
[20:14:09] [Server thread/INFO]: Bamboo Growth Modifier: 100%
[20:14:09] [Server thread/INFO]: SweetBerry Growth Modifier: 100%
[20:14:09] [Server thread/INFO]: Kelp Growth Modifier: 100%
[20:14:09] [Server thread/INFO]: Mob Spawn Range: 6
[20:14:09] [Server thread/INFO]: Experience Merge Radius: 3.0
[20:14:09] [Server thread/INFO]: Hopper Transfer: 8 Hopper Check: 1 Hopper Amount: 1
[20:14:09] [Server thread/INFO]: Tile Max Tick Time: 50000000ms Entity max Tick Time: 50000000ms
[20:14:09] [Server thread/INFO]: Max TNT Explosions: 100
[20:14:09] [Server thread/INFO]: Custom Map Seeds:  Village: 10387312 Desert: 14357617 Igloo: 14357618 Jungle: 14357619 Swamp: 14357620 Monument: 10387313 Ocean: 14357621 Shipwreck: 165745295 End City: 10387313 Slime: 987234911 Bastion: 30084232 Fortress: 30084232 Mansion: 10387319 Fossil: 14357921 Portal: 34222645
[20:14:09] [Server thread/INFO]: Arrow Despawn Rate: 1200 Trident Respawn Rate:1200
[20:14:10] [Server thread/INFO]: -------- World Settings For [world_nether] --------
[20:14:10] [Server thread/INFO]: Entity Tracking Range: Pl 48 / An 48 / Mo 48 / Mi 32 / Other 64
[20:14:10] [Server thread/INFO]: Item Merge Radius: 2.5
[20:14:10] [Server thread/INFO]: Item Despawn Rate: 6000
[20:14:10] [Server thread/INFO]: View Distance: 10
[20:14:10] [Server thread/INFO]: Allow Zombie Pigmen to spawn from portal blocks: true
[20:14:10] [Server thread/INFO]: Nerfing mobs spawned from spawners: false
[20:14:10] [Server thread/INFO]: Zombie Aggressive Towards Villager: true
[20:14:10] [Server thread/INFO]: Entity Activation Range: An 32 / Mo 32 / Ra 48 / Mi 16 / Tiv true
[20:14:10] [Server thread/INFO]: Cactus Growth Modifier: 100%
[20:14:10] [Server thread/INFO]: Cane Growth Modifier: 100%
[20:14:10] [Server thread/INFO]: Melon Growth Modifier: 100%
[20:14:10] [Server thread/INFO]: Mushroom Growth Modifier: 100%
[20:14:10] [Server thread/INFO]: Pumpkin Growth Modifier: 100%
[20:14:10] [Server thread/INFO]: Sapling Growth Modifier: 100%
[20:14:10] [Server thread/INFO]: Beetroot Growth Modifier: 100%
[20:14:10] [Server thread/INFO]: Carrot Growth Modifier: 100%
[20:14:10] [Server thread/INFO]: Potato Growth Modifier: 100%
[20:14:10] [Server thread/INFO]: Wheat Growth Modifier: 100%
[20:14:10] [Server thread/INFO]: NetherWart Growth Modifier: 100%
[20:14:10] [Server thread/INFO]: Vine Growth Modifier: 100%
[20:14:10] [Server thread/INFO]: Cocoa Growth Modifier: 100%
[20:14:10] [Server thread/INFO]: Bamboo Growth Modifier: 100%
[20:14:10] [Server thread/INFO]: SweetBerry Growth Modifier: 100%
[20:14:10] [Server thread/INFO]: Kelp Growth Modifier: 100%
[20:14:10] [Server thread/INFO]: Mob Spawn Range: 6
[20:14:10] [Server thread/INFO]: Experience Merge Radius: 3.0
[20:14:10] [Server thread/INFO]: Hopper Transfer: 8 Hopper Check: 1 Hopper Amount: 1
[20:14:10] [Server thread/INFO]: Tile Max Tick Time: 50000000ms Entity max Tick Time: 50000000ms
[20:14:10] [Server thread/INFO]: Max TNT Explosions: 100
[20:14:10] [Server thread/INFO]: Custom Map Seeds:  Village: 10387312 Desert: 14357617 Igloo: 14357618 Jungle: 14357619 Swamp: 14357620 Monument: 10387313 Ocean: 14357621 Shipwreck: 165745295 End City: 10387313 Slime: 987234911 Bastion: 30084232 Fortress: 30084232 Mansion: 10387319 Fossil: 14357921 Portal: 34222645
[20:14:10] [Server thread/INFO]: Arrow Despawn Rate: 1200 Trident Respawn Rate:1200
[20:14:10] [Server thread/INFO]: -------- World Settings For [world_the_end] --------
[20:14:10] [Server thread/INFO]: Entity Tracking Range: Pl 48 / An 48 / Mo 48 / Mi 32 / Other 64
[20:14:10] [Server thread/INFO]: Item Merge Radius: 2.5
[20:14:10] [Server thread/INFO]: Item Despawn Rate: 6000
[20:14:10] [Server thread/INFO]: View Distance: 10
[20:14:10] [Server thread/INFO]: Allow Zombie Pigmen to spawn from portal blocks: true
[20:14:10] [Server thread/INFO]: Nerfing mobs spawned from spawners: false
[20:14:10] [Server thread/INFO]: Zombie Aggressive Towards Villager: true
[20:14:10] [Server thread/INFO]: Entity Activation Range: An 32 / Mo 32 / Ra 48 / Mi 16 / Tiv true
[20:14:10] [Server thread/INFO]: Cactus Growth Modifier: 100%
[20:14:10] [Server thread/INFO]: Cane Growth Modifier: 100%
[20:14:10] [Server thread/INFO]: Melon Growth Modifier: 100%
[20:14:10] [Server thread/INFO]: Mushroom Growth Modifier: 100%
[20:14:10] [Server thread/INFO]: Pumpkin Growth Modifier: 100%
[20:14:10] [Server thread/INFO]: Sapling Growth Modifier: 100%
[20:14:10] [Server thread/INFO]: Beetroot Growth Modifier: 100%
[20:14:10] [Server thread/INFO]: Carrot Growth Modifier: 100%
[20:14:10] [Server thread/INFO]: Potato Growth Modifier: 100%
[20:14:10] [Server thread/INFO]: Wheat Growth Modifier: 100%
[20:14:10] [Server thread/INFO]: NetherWart Growth Modifier: 100%
[20:14:10] [Server thread/INFO]: Vine Growth Modifier: 100%
[20:14:10] [Server thread/INFO]: Cocoa Growth Modifier: 100%
[20:14:10] [Server thread/INFO]: Bamboo Growth Modifier: 100%
[20:14:10] [Server thread/INFO]: SweetBerry Growth Modifier: 100%
[20:14:10] [Server thread/INFO]: Kelp Growth Modifier: 100%
[20:14:10] [Server thread/INFO]: Mob Spawn Range: 6
[20:14:10] [Server thread/INFO]: Experience Merge Radius: 3.0
[20:14:10] [Server thread/INFO]: Hopper Transfer: 8 Hopper Check: 1 Hopper Amount: 1
[20:14:10] [Server thread/INFO]: Tile Max Tick Time: 50000000ms Entity max Tick Time: 50000000ms
[20:14:10] [Server thread/INFO]: Max TNT Explosions: 100
[20:14:10] [Server thread/INFO]: Custom Map Seeds:  Village: 10387312 Desert: 14357617 Igloo: 14357618 Jungle: 14357619 Swamp: 14357620 Monument: 10387313 Ocean: 14357621 Shipwreck: 165745295 End City: 10387313 Slime: 987234911 Bastion: 30084232 Fortress: 30084232 Mansion: 10387319 Fossil: 14357921 Portal: 34222645
[20:14:10] [Server thread/INFO]: Arrow Despawn Rate: 1200 Trident Respawn Rate:1200
[20:14:10] [Server thread/INFO]: Preparing start region for dimension minecraft:overworld
[20:14:12] [Server thread/INFO]: Preparing spawn area: 0%
[20:14:12] [Server thread/INFO]: Preparing spawn area: 0%
[20:14:12] [Server thread/INFO]: Preparing spawn area: 0%
[20:14:12] [Server thread/INFO]: Preparing spawn area: 0%
[20:14:12] [Server thread/INFO]: Preparing spawn area: 0%
[20:14:13] [Server thread/INFO]: Preparing spawn area: 0%
[20:14:13] [Server thread/INFO]: Preparing spawn area: 0%
[20:14:14] [Server thread/INFO]: Time elapsed: 4141 ms
[20:14:14] [Server thread/INFO]: Preparing start region for dimension minecraft:the_nether
[20:14:16] [Server thread/INFO]: Preparing spawn area: 0%
[20:14:16] [Server thread/INFO]: Preparing spawn area: 0%
[20:14:16] [Server thread/INFO]: Preparing spawn area: 0%
[20:14:16] [Server thread/INFO]: Preparing spawn area: 0%
[20:14:16] [Server thread/INFO]: Preparing spawn area: 0%
[20:14:16] [Worker-Main-4/INFO]: Preparing spawn area: 83%
[20:14:17] [Worker-Main-7/INFO]: Preparing spawn area: 90%
[20:14:17] [Worker-Main-8/INFO]: Preparing spawn area: 90%
[20:14:18] [Worker-Main-8/INFO]: Preparing spawn area: 90%
[20:14:18] [Worker-Main-7/INFO]: Preparing spawn area: 90%
[20:14:19] [Worker-Main-8/INFO]: Preparing spawn area: 90%
[20:14:19] [Worker-Main-7/INFO]: Preparing spawn area: 90%
[20:14:20] [Worker-Main-4/INFO]: Preparing spawn area: 91%
[20:14:20] [Worker-Main-7/INFO]: Preparing spawn area: 94%
[20:14:21] [Worker-Main-7/INFO]: Preparing spawn area: 99%
[20:14:21] [Server thread/INFO]: Time elapsed: 7087 ms
[20:14:21] [Server thread/INFO]: Preparing start region for dimension minecraft:the_end
[20:14:21] [Server thread/INFO]: Preparing spawn area: 0%
[20:14:22] [Server thread/INFO]: Preparing spawn area: 19%
[20:14:22] [Worker-Main-8/INFO]: Preparing spawn area: 83%
[20:14:22] [Worker-Main-7/INFO]: Preparing spawn area: 83%
[20:14:23] [Worker-Main-4/INFO]: Preparing spawn area: 83%
[20:14:23] [Server thread/INFO]: Time elapsed: 2177 ms
[20:14:23] [Server thread/INFO]: [Gravity] Enabling Gravity v1.0
[20:14:23] [Server thread/INFO]: [Gravity] Initializing blockmap...
[20:14:24] [Server thread/INFO]: [Gravity] God turned on gravity!
[20:14:24] [Server thread/INFO]: Server permissions file permissions.yml is empty, ignoring it
[20:14:24] [Server thread/INFO]: Done (14.680s)! For help, type "help"
[20:15:54] [Server thread/INFO]: /gr gr[m
[20:55:57] [Server thread/WARN]: Can't keep up! Is the server overloaded? Running 2019182ms or 40383 ticks behind
[21:06:00] [Server thread/INFO]: Stopping the server
[21:06:00] [Server thread/INFO]: Stopping server
[21:06:00] [Server thread/INFO]: [Gravity] Disabling Gravity v1.0
[21:06:00] [Server thread/INFO]: [Gravity] Gravity shutting down...
[21:06:00] [Server thread/INFO]: Saving players
[21:06:00] [Server thread/INFO]: Saving worlds
[21:06:00] [Server thread/INFO]: Saving chunks for level 'ServerLevel[world]'/minecraft:overworld
[21:06:00] [Server thread/INFO]: ThreadedAnvilChunkStorage (world): All chunks are saved
[21:06:00] [Server thread/INFO]: Saving chunks for level 'ServerLevel[world_nether]'/minecraft:the_nether
[21:06:01] [Server thread/INFO]: ThreadedAnvilChunkStorage (DIM-1): All chunks are saved
[21:06:01] [Server thread/INFO]: Saving chunks for level 'ServerLevel[world_the_end]'/minecraft:the_end
[21:06:01] [Server thread/INFO]: ThreadedAnvilChunkStorage (DIM1): All chunks are saved
[21:06:01] [Server thread/INFO]: ThreadedAnvilChunkStorage (world): All chunks are saved
[21:06:01] [Server thread/INFO]: ThreadedAnvilChunkStorage (DIM-1): All chunks are saved
[21:06:01] [Server thread/INFO]: ThreadedAnvilChunkStorage (DIM1): All chunks are saved
